Processing esp32doit-devkit-v1 (platform: espressif32; board: esp32doit-devkit-v1; framework: espidf)
--------------------------------------------------------------------------------
Verbose mode can be enabled via `-v, --verbose` option
CONFIGURATION: https://docs.platformio.org/page/boards/espressif32/esp32doit-devkit-v1.html
PLATFORM: Espressif 32 (6.7.0) > DOIT ESP32 DEVKIT V1
HARDWARE: ESP32 240MHz, 320KB RAM, 4MB Flash
DEBUG: Current (cmsis-dap) External (cmsis-dap, esp-bridge, esp-prog, iot-bus-jtag, jlink, minimodule, olimex-arm-usb-ocd, olimex-arm-usb-ocd-h, olimex-arm-usb-tiny-h, olimex-jtag-tiny, tumpa)
PACKAGES: 
 - framework-espidf @ 3.50201.240515 (5.2.1) 
 - tool-cmake @ 3.16.4 
 - tool-esptoolpy @ 1.40501.0 (4.5.1) 
 - tool-idf @ 1.0.1 
 - tool-mconf @ 1.4060000.20190628 (406.0.0) 
 - tool-ninja @ 1.9.0 
 - tool-riscv32-esp-elf-gdb @ 11.2.0+20220823 
 - tool-xtensa-esp-elf-gdb @ 11.2.0+20230208 
 - toolchain-esp32ulp @ 1.23500.220830 (2.35.0) 
 - toolchain-xtensa-esp-elf @ 13.2.0+20230928
Reading CMake configuration...
Generating assembly for certificate bundle...
Warning! Flash memory size mismatch detected. Expected 4MB, found 2MB!
Please select a proper value in your `sdkconfig.defaults` or via the `menuconfig` target!
LDF: Library Dependency Finder -> https://bit.ly/configure-pio-ldf
LDF Modes: Finder ~ chain, Compatibility ~ soft
Found 9 compatible libraries
Scanning dependencies...
Dependency Graph
|-- GPIO_Driver
|-- GPIO_Mqtt_Driver
|-- IO_Driver
|-- Mqtt_Driver
|-- SystemInfo
|-- Tool
|-- SystemStatus
|-- Wifi
Building in release mode
Compiling .pio\build\esp32doit-devkit-v1\src\CallBack.c.o
Compiling .pio\build\esp32doit-devkit-v1\src\Dimmer.c.o
Compiling .pio\build\esp32doit-devkit-v1\src\GPIO_Mqtt.c.o
Compiling .pio\build\esp32doit-devkit-v1\src\main.c.o
Generating LD script .pio\build\esp32doit-devkit-v1\memory.ld
Compiling .pio\build\esp32doit-devkit-v1\app_trace\app_trace.c.o
Compiling .pio\build\esp32doit-devkit-v1\app_trace\app_trace_util.c.o
Compiling .pio\build\esp32doit-devkit-v1\app_trace\host_file_io.c.o
Compiling .pio\build\esp32doit-devkit-v1\app_trace\port\port_uart.c.o
Compiling .pio\build\esp32doit-devkit-v1\app_update\esp_ota_ops.c.o
Compiling .pio\build\esp32doit-devkit-v1\app_update\esp_ota_app_desc.c.o
Compiling .pio\build\esp32doit-devkit-v1\bootloader_support\src\bootloader_common.c.o
Compiling .pio\build\esp32doit-devkit-v1\bootloader_support\src\bootloader_common_loader.c.o
Compiling .pio\build\esp32doit-devkit-v1\bootloader_support\src\bootloader_clock_init.c.o
In file included from src/Dimmer.c:17:
C:/Users/frede/.platformio/packages/framework-espidf/components/xtensa/deprecated_include/freertos/xtensa_api.h:9:2: warning: #warning "This header file has been moved, thus `#include <freertos/xtensa_api.h>` is deprecated. Please use `#include <xtensa_api.h>` instead" [-Wcpp]
    9 | #warning "This header file has been moved, thus `#include <freertos/xtensa_api.h>` is deprecated. Please use `#include <xtensa_api.h>` instead"
      |  ^~~~~~~
In file included from src/main.c:18:
C:/Users/frede/.platformio/packages/framework-espidf/components/xtensa/deprecated_include/freertos/xtensa_api.h:9:2: warning: #warning "This header file has been moved, thus `#include <freertos/xtensa_api.h>` is deprecated. Please use `#include <xtensa_api.h>` instead" [-Wcpp]
    9 | #warning "This header file has been moved, thus `#include <freertos/xtensa_api.h>` is deprecated. Please use `#include <xtensa_api.h>` instead"
      |  ^~~~~~~
Compiling .pio\build\esp32doit-devkit-v1\bootloader_support\src\bootloader_mem.c.o
Compiling .pio\build\esp32doit-devkit-v1\bootloader_support\src\bootloader_random.c.o
Compiling .pio\build\esp32doit-devkit-v1\bootloader_support\src\bootloader_efuse.c.o
Compiling .pio\build\esp32doit-devkit-v1\bootloader_support\src\flash_encrypt.c.o
Compiling .pio\build\esp32doit-devkit-v1\bootloader_support\src\secure_boot.c.o
Archiving .pio\build\esp32doit-devkit-v1\esp-idf\app_trace\libapp_trace.a
Compiling .pio\build\esp32doit-devkit-v1\bootloader_support\src\bootloader_random_esp32.c.o
Compiling .pio\build\esp32doit-devkit-v1\bootloader_support\bootloader_flash\src\bootloader_flash.c.o
Compiling .pio\build\esp32doit-devkit-v1\bootloader_support\bootloader_flash\src\flash_qio_mode.c.o
Compiling .pio\build\esp32doit-devkit-v1\bootloader_support\bootloader_flash\src\bootloader_flash_config_esp32.c.o
Compiling .pio\build\esp32doit-devkit-v1\bootloader_support\src\bootloader_utility.c.o
Compiling .pio\build\esp32doit-devkit-v1\bootloader_support\src\flash_partitions.c.o
Compiling .pio\build\esp32doit-devkit-v1\bootloader_support\src\esp_image_format.c.o
Compiling .pio\build\esp32doit-devkit-v1\bootloader_support\src\idf\bootloader_sha.c.o
Archiving .pio\build\esp32doit-devkit-v1\esp-idf\app_update\libapp_update.a
Compiling .pio\build\esp32doit-devkit-v1\cmock\CMock\src\cmock.c.o
Compiling .pio\build\esp32doit-devkit-v1\console\commands.c.o
Compiling .pio\build\esp32doit-devkit-v1\console\esp_console_repl.c.o
Compiling .pio\build\esp32doit-devkit-v1\console\split_argv.c.o
Compiling .pio\build\esp32doit-devkit-v1\console\linenoise\linenoise.c.o
Compiling .pio\build\esp32doit-devkit-v1\console\argtable3\arg_cmd.c.o
Compiling .pio\build\esp32doit-devkit-v1\console\argtable3\arg_date.c.o
Compiling .pio\build\esp32doit-devkit-v1\console\argtable3\arg_dbl.c.o
Compiling .pio\build\esp32doit-devkit-v1\console\argtable3\arg_dstr.c.o
Archiving .pio\build\esp32doit-devkit-v1\esp-idf\cmock\libcmock.a
Compiling .pio\build\esp32doit-devkit-v1\console\argtable3\arg_end.c.o
Compiling .pio\build\esp32doit-devkit-v1\console\argtable3\arg_file.c.o
Archiving .pio\build\esp32doit-devkit-v1\esp-idf\bootloader_support\libbootloader_support.a
Compiling .pio\build\esp32doit-devkit-v1\console\argtable3\arg_hashtable.c.o
Compiling .pio\build\esp32doit-devkit-v1\console\argtable3\arg_int.c.o
Compiling .pio\build\esp32doit-devkit-v1\console\argtable3\arg_lit.c.o
Compiling .pio\build\esp32doit-devkit-v1\console\argtable3\arg_rem.c.o
Compiling .pio\build\esp32doit-devkit-v1\console\argtable3\arg_rex.c.o
Compiling .pio\build\esp32doit-devkit-v1\console\argtable3\arg_str.c.o
Compiling .pio\build\esp32doit-devkit-v1\console\argtable3\arg_utils.c.o
Compiling .pio\build\esp32doit-devkit-v1\console\argtable3\argtable3.c.o
Compiling .pio\build\esp32doit-devkit-v1\cxx\cxx_exception_stubs.cpp.o
Compiling .pio\build\esp32doit-devkit-v1\cxx\cxx_guards.cpp.o
Compiling .pio\build\esp32doit-devkit-v1\driver\gpio\gpio.c.o
Compiling .pio\build\esp32doit-devkit-v1\driver\gpio\gpio_glitch_filter_ops.c.o
Compiling .pio\build\esp32doit-devkit-v1\driver\gpio\rtc_io.c.o
Compiling .pio\build\esp32doit-devkit-v1\driver\spi\spi_bus_lock.c.o
Compiling .pio\build\esp32doit-devkit-v1\driver\deprecated\adc_legacy.c.o
Compiling .pio\build\esp32doit-devkit-v1\driver\deprecated\adc_dma_legacy.c.o
Compiling .pio\build\esp32doit-devkit-v1\driver\dac\dac_oneshot.c.o
Compiling .pio\build\esp32doit-devkit-v1\driver\dac\dac_cosine.c.o
Compiling .pio\build\esp32doit-devkit-v1\driver\dac\dac_continuous.c.o
Compiling .pio\build\esp32doit-devkit-v1\driver\dac\dac_common.c.o
Archiving .pio\build\esp32doit-devkit-v1\esp-idf\console\libconsole.a
Compiling .pio\build\esp32doit-devkit-v1\driver\dac\esp32\dac_dma.c.o
Compiling .pio\build\esp32doit-devkit-v1\driver\deprecated\dac_common_legacy.c.o
Archiving .pio\build\esp32doit-devkit-v1\esp-idf\cxx\libcxx.a
Compiling .pio\build\esp32doit-devkit-v1\driver\deprecated\esp32\dac_legacy.c.o
Compiling .pio\build\esp32doit-devkit-v1\driver\gptimer\gptimer.c.o
Compiling .pio\build\esp32doit-devkit-v1\driver\gptimer\gptimer_priv.c.o
Compiling .pio\build\esp32doit-devkit-v1\driver\deprecated\timer_legacy.c.o
Compiling .pio\build\esp32doit-devkit-v1\driver\i2c\i2c.c.o
Compiling .pio\build\esp32doit-devkit-v1\driver\i2c\i2c_master.c.o
Compiling .pio\build\esp32doit-devkit-v1\driver\i2c\i2c_common.c.o
Compiling .pio\build\esp32doit-devkit-v1\driver\i2c\i2c_slave.c.o
Compiling .pio\build\esp32doit-devkit-v1\driver\i2s\i2s_common.c.o
Compiling .pio\build\esp32doit-devkit-v1\driver\i2s\i2s_platform.c.o
Compiling .pio\build\esp32doit-devkit-v1\driver\i2s\i2s_std.c.o
Compiling .pio\build\esp32doit-devkit-v1\driver\deprecated\i2s_legacy.c.o
Compiling .pio\build\esp32doit-devkit-v1\driver\i2s\i2s_pdm.c.o
Compiling .pio\build\esp32doit-devkit-v1\driver\ledc\ledc.c.o
Compiling .pio\build\esp32doit-devkit-v1\driver\mcpwm\mcpwm_cap.c.o
Compiling .pio\build\esp32doit-devkit-v1\driver\mcpwm\mcpwm_cmpr.c.o
Compiling .pio\build\esp32doit-devkit-v1\driver\mcpwm\mcpwm_com.c.o
Compiling .pio\build\esp32doit-devkit-v1\driver\mcpwm\mcpwm_fault.c.o
Compiling .pio\build\esp32doit-devkit-v1\driver\mcpwm\mcpwm_gen.c.o
Compiling .pio\build\esp32doit-devkit-v1\driver\mcpwm\mcpwm_oper.c.o
Compiling .pio\build\esp32doit-devkit-v1\driver\mcpwm\mcpwm_sync.c.o
Compiling .pio\build\esp32doit-devkit-v1\driver\mcpwm\mcpwm_timer.c.o
Compiling .pio\build\esp32doit-devkit-v1\driver\deprecated\mcpwm_legacy.c.o
Compiling .pio\build\esp32doit-devkit-v1\driver\pcnt\pulse_cnt.c.o
Compiling .pio\build\esp32doit-devkit-v1\driver\deprecated\pcnt_legacy.c.o
Compiling .pio\build\esp32doit-devkit-v1\driver\rmt\rmt_common.c.o
Compiling .pio\build\esp32doit-devkit-v1\driver\rmt\rmt_encoder.c.o
Compiling .pio\build\esp32doit-devkit-v1\driver\rmt\rmt_rx.c.o
Compiling .pio\build\esp32doit-devkit-v1\driver\rmt\rmt_tx.c.o
Compiling .pio\build\esp32doit-devkit-v1\driver\deprecated\rmt_legacy.c.o
Compiling .pio\build\esp32doit-devkit-v1\driver\sdio_slave\sdio_slave.c.o
Compiling .pio\build\esp32doit-devkit-v1\driver\sdmmc\sdmmc_transaction.c.o
Compiling .pio\build\esp32doit-devkit-v1\driver\sdmmc\sdmmc_host.c.o
Compiling .pio\build\esp32doit-devkit-v1\driver\sigma_delta\sdm.c.o
Compiling .pio\build\esp32doit-devkit-v1\driver\deprecated\sigma_delta_legacy.c.o
Compiling .pio\build\esp32doit-devkit-v1\driver\spi\gpspi\spi_common.c.o
Compiling .pio\build\esp32doit-devkit-v1\driver\spi\gpspi\spi_master.c.o
Compiling .pio\build\esp32doit-devkit-v1\driver\spi\gpspi\spi_slave.c.o
Compiling .pio\build\esp32doit-devkit-v1\driver\spi\sdspi\sdspi_crc.c.o
Compiling .pio\build\esp32doit-devkit-v1\driver\spi\sdspi\sdspi_host.c.o
Compiling .pio\build\esp32doit-devkit-v1\driver\spi\sdspi\sdspi_transaction.c.o
Compiling .pio\build\esp32doit-devkit-v1\driver\touch_sensor\touch_sensor_common.c.o
Compiling .pio\build\esp32doit-devkit-v1\driver\touch_sensor\esp32\touch_sensor.c.o
Compiling .pio\build\esp32doit-devkit-v1\driver\twai\twai.c.o
Compiling .pio\build\esp32doit-devkit-v1\driver\uart\uart.c.o
Compiling .pio\build\esp32doit-devkit-v1\driver\deprecated\adc_i2s_deprecated.c.o
Compiling .pio\build\esp32doit-devkit-v1\efuse\esp32\esp_efuse_table.c.o
Compiling .pio\build\esp32doit-devkit-v1\efuse\esp32\esp_efuse_fields.c.o
Compiling .pio\build\esp32doit-devkit-v1\efuse\esp32\esp_efuse_utility.c.o
Compiling .pio\build\esp32doit-devkit-v1\efuse\src\esp_efuse_api.c.o
Compiling .pio\build\esp32doit-devkit-v1\efuse\src\esp_efuse_fields.c.o
Compiling .pio\build\esp32doit-devkit-v1\efuse\src\esp_efuse_utility.c.o
Compiling .pio\build\esp32doit-devkit-v1\efuse\src\efuse_controller\keys\without_key_purposes\three_key_blocks\esp_efuse_api_key.c.o
Compiling .pio\build\esp32doit-devkit-v1\esp-tls\esp_tls.c.o
Archiving .pio\build\esp32doit-devkit-v1\esp-idf\efuse\libefuse.a
Compiling .pio\build\esp32doit-devkit-v1\esp-tls\esp-tls-crypto\esp_tls_crypto.c.o
Compiling .pio\build\esp32doit-devkit-v1\esp-tls\esp_tls_error_capture.c.o
Compiling .pio\build\esp32doit-devkit-v1\esp-tls\esp_tls_mbedtls.c.o
Compiling .pio\build\esp32doit-devkit-v1\esp_adc\adc_cali.c.o
Compiling .pio\build\esp32doit-devkit-v1\esp_adc\adc_cali_curve_fitting.c.o
Compiling .pio\build\esp32doit-devkit-v1\esp_adc\deprecated\esp_adc_cal_common_legacy.c.o
Compiling .pio\build\esp32doit-devkit-v1\esp_adc\adc_oneshot.c.o
Compiling .pio\build\esp32doit-devkit-v1\esp_adc\adc_common.c.o
Compiling .pio\build\esp32doit-devkit-v1\esp_adc\adc_continuous.c.o
Archiving .pio\build\esp32doit-devkit-v1\esp-idf\driver\libdriver.a
Compiling .pio\build\esp32doit-devkit-v1\esp_adc\esp32\adc_cali_line_fitting.c.o
Compiling .pio\build\esp32doit-devkit-v1\esp_adc\deprecated\esp32\esp_adc_cal_legacy.c.o
Compiling .pio\build\esp32doit-devkit-v1\esp_app_format\esp_app_desc.c.o
Compiling .pio\build\esp32doit-devkit-v1\esp_bootloader_format\esp_bootloader_desc.c.o
Compiling .pio\build\esp32doit-devkit-v1\esp_coex\esp32\esp_coex_adapter.c.o
Compiling .pio\build\esp32doit-devkit-v1\esp_common\src\esp_err_to_name.c.o
Archiving .pio\build\esp32doit-devkit-v1\esp-idf\esp_app_format\libesp_app_format.a
Archiving .pio\build\esp32doit-devkit-v1\esp-idf\esp_adc\libesp_adc.a
Archiving .pio\build\esp32doit-devkit-v1\esp-idf\esp-tls\libesp-tls.a
Archiving .pio\build\esp32doit-devkit-v1\esp-idf\esp_bootloader_format\libesp_bootloader_format.a
Compiling .pio\build\esp32doit-devkit-v1\esp_eth\src\esp_eth.c.o
Archiving .pio\build\esp32doit-devkit-v1\esp-idf\esp_coex\libesp_coex.a
Compiling .pio\build\esp32doit-devkit-v1\esp_eth\src\esp_eth_phy_802_3.c.o
Compiling .pio\build\esp32doit-devkit-v1\esp_eth\src\esp_eth_netif_glue.c.o
Compiling .pio\build\esp32doit-devkit-v1\esp_eth\src\esp_eth_mac_esp.c.o
Compiling .pio\build\esp32doit-devkit-v1\esp_eth\src\esp_eth_phy_dp83848.c.o
Compiling .pio\build\esp32doit-devkit-v1\esp_eth\src\esp_eth_phy_ip101.c.o
Compiling .pio\build\esp32doit-devkit-v1\esp_eth\src\esp_eth_phy_ksz80xx.c.o
Compiling .pio\build\esp32doit-devkit-v1\esp_eth\src\esp_eth_phy_lan87xx.c.o
Compiling .pio\build\esp32doit-devkit-v1\esp_eth\src\esp_eth_phy_rtl8201.c.o
Compiling .pio\build\esp32doit-devkit-v1\esp_event\default_event_loop.c.o
Compiling .pio\build\esp32doit-devkit-v1\esp_event\esp_event.c.o
Compiling .pio\build\esp32doit-devkit-v1\esp_event\esp_event_private.c.o
Compiling .pio\build\esp32doit-devkit-v1\esp_gdbstub\src\gdbstub.c.o
Compiling .pio\build\esp32doit-devkit-v1\esp_gdbstub\src\gdbstub_transport.c.o
Compiling .pio\build\esp32doit-devkit-v1\esp_gdbstub\src\packet.c.o
Compiling .pio\build\esp32doit-devkit-v1\esp_gdbstub\src\port\xtensa\gdbstub_xtensa.c.o
Compiling .pio\build\esp32doit-devkit-v1\esp_gdbstub\src\port\xtensa\gdbstub-entry.S.o
Compiling .pio\build\esp32doit-devkit-v1\esp_gdbstub\src\port\xtensa\xt_debugexception.S.o
Compiling .pio\build\esp32doit-devkit-v1\esp_hid\src\esp_hidd.c.o
Archiving .pio\build\esp32doit-devkit-v1\esp-idf\esp_eth\libesp_eth.a
Compiling .pio\build\esp32doit-devkit-v1\esp_hid\src\esp_hidh.c.o
Compiling .pio\build\esp32doit-devkit-v1\esp_hid\src\esp_hid_common.c.o
Archiving .pio\build\esp32doit-devkit-v1\esp-idf\esp_common\libesp_common.a
Archiving .pio\build\esp32doit-devkit-v1\esp-idf\esp_event\libesp_event.a
Compiling .pio\build\esp32doit-devkit-v1\esp_http_client\esp_http_client.c.o
Archiving .pio\build\esp32doit-devkit-v1\esp-idf\esp_gdbstub\libesp_gdbstub.a
Compiling .pio\build\esp32doit-devkit-v1\esp_http_client\lib\http_auth.c.o
Compiling .pio\build\esp32doit-devkit-v1\esp_http_client\lib\http_header.c.o
Compiling .pio\build\esp32doit-devkit-v1\esp_http_client\lib\http_utils.c.o
Compiling .pio\build\esp32doit-devkit-v1\esp_http_server\src\httpd_main.c.o
Compiling .pio\build\esp32doit-devkit-v1\esp_http_server\src\httpd_parse.c.o
Compiling .pio\build\esp32doit-devkit-v1\esp_http_server\src\httpd_sess.c.o
Compiling .pio\build\esp32doit-devkit-v1\esp_http_server\src\httpd_txrx.c.o
Compiling .pio\build\esp32doit-devkit-v1\esp_http_server\src\httpd_uri.c.o
Compiling .pio\build\esp32doit-devkit-v1\esp_http_server\src\httpd_ws.c.o
Compiling .pio\build\esp32doit-devkit-v1\esp_http_server\src\util\ctrl_sock.c.o
Archiving .pio\build\esp32doit-devkit-v1\esp-idf\esp_hid\libesp_hid.a
Compiling .pio\build\esp32doit-devkit-v1\esp_https_ota\src\esp_https_ota.c.o
Compiling .pio\build\esp32doit-devkit-v1\esp_hw_support\cpu.c.o
Compiling .pio\build\esp32doit-devkit-v1\esp_hw_support\esp_memory_utils.c.o
Compiling .pio\build\esp32doit-devkit-v1\esp_hw_support\port\esp32\cpu_region_protect.c.o
Compiling .pio\build\esp32doit-devkit-v1\esp_hw_support\esp_clk.c.o
Archiving .pio\build\esp32doit-devkit-v1\esp-idf\esp_http_server\libesp_http_server.a
Compiling .pio\build\esp32doit-devkit-v1\esp_hw_support\clk_ctrl_os.c.o
Compiling .pio\build\esp32doit-devkit-v1\esp_hw_support\hw_random.c.o
Archiving .pio\build\esp32doit-devkit-v1\esp-idf\esp_http_client\libesp_http_client.a
Compiling .pio\build\esp32doit-devkit-v1\esp_hw_support\intr_alloc.c.o
Compiling .pio\build\esp32doit-devkit-v1\esp_hw_support\mac_addr.c.o
Compiling .pio\build\esp32doit-devkit-v1\esp_hw_support\periph_ctrl.c.o
Compiling .pio\build\esp32doit-devkit-v1\esp_hw_support\revision.c.o
Compiling .pio\build\esp32doit-devkit-v1\esp_hw_support\rtc_module.c.o
Compiling .pio\build\esp32doit-devkit-v1\esp_hw_support\sleep_modes.c.o
Archiving .pio\build\esp32doit-devkit-v1\esp-idf\esp_https_ota\libesp_https_ota.a
Compiling .pio\build\esp32doit-devkit-v1\esp_hw_support\sleep_console.c.o
Compiling .pio\build\esp32doit-devkit-v1\esp_hw_support\sleep_gpio.c.o
Compiling .pio\build\esp32doit-devkit-v1\esp_hw_support\sleep_event.c.o
Compiling .pio\build\esp32doit-devkit-v1\esp_hw_support\sleep_modem.c.o
Compiling .pio\build\esp32doit-devkit-v1\esp_hw_support\regi2c_ctrl.c.o
Compiling .pio\build\esp32doit-devkit-v1\esp_hw_support\esp_gpio_reserve.c.o
Compiling .pio\build\esp32doit-devkit-v1\esp_hw_support\sar_periph_ctrl_common.c.o
Compiling .pio\build\esp32doit-devkit-v1\esp_hw_support\port\esp32\io_mux.c.o
Compiling .pio\build\esp32doit-devkit-v1\esp_hw_support\port\esp32\esp_clk_tree.c.o
Compiling .pio\build\esp32doit-devkit-v1\esp_hw_support\port\esp_clk_tree_common.c.o
Compiling .pio\build\esp32doit-devkit-v1\esp_hw_support\dma\esp_dma_utils.c.o
Compiling .pio\build\esp32doit-devkit-v1\esp_hw_support\adc_share_hw_ctrl.c.o
Compiling .pio\build\esp32doit-devkit-v1\esp_hw_support\rtc_wdt.c.o
Compiling .pio\build\esp32doit-devkit-v1\esp_hw_support\mspi_timing_tuning.c.o
Compiling .pio\build\esp32doit-devkit-v1\esp_hw_support\mspi_timing_config.c.o
Compiling .pio\build\esp32doit-devkit-v1\esp_hw_support\sleep_wake_stub.c.o
Compiling .pio\build\esp32doit-devkit-v1\esp_hw_support\esp_clock_output.c.o
Compiling .pio\build\esp32doit-devkit-v1\esp_hw_support\port\esp32\rtc_clk.c.o
Compiling .pio\build\esp32doit-devkit-v1\esp_hw_support\port\esp32\rtc_clk_init.c.o
Compiling .pio\build\esp32doit-devkit-v1\esp_hw_support\port\esp32\rtc_init.c.o
Compiling .pio\build\esp32doit-devkit-v1\esp_hw_support\port\esp32\rtc_sleep.c.o
Compiling .pio\build\esp32doit-devkit-v1\esp_hw_support\port\esp32\rtc_time.c.o
Compiling .pio\build\esp32doit-devkit-v1\esp_hw_support\port\esp32\chip_info.c.o
Compiling .pio\build\esp32doit-devkit-v1\esp_hw_support\port\esp32\cache_sram_mmu.c.o
Compiling .pio\build\esp32doit-devkit-v1\esp_hw_support\port\esp32\esp_crypto_lock.c.o
Compiling .pio\build\esp32doit-devkit-v1\esp_hw_support\port\esp32\sar_periph_ctrl.c.o
Compiling .pio\build\esp32doit-devkit-v1\esp_lcd\src\esp_lcd_common.c.o
Compiling .pio\build\esp32doit-devkit-v1\esp_lcd\src\esp_lcd_panel_io.c.o
Compiling .pio\build\esp32doit-devkit-v1\esp_lcd\src\esp_lcd_panel_io_i2c_v1.c.o
Compiling .pio\build\esp32doit-devkit-v1\esp_lcd\src\esp_lcd_panel_io_i2c_v2.c.o
Compiling .pio\build\esp32doit-devkit-v1\esp_lcd\src\esp_lcd_panel_io_spi.c.o
Compiling .pio\build\esp32doit-devkit-v1\esp_lcd\src\esp_lcd_panel_nt35510.c.o
Compiling .pio\build\esp32doit-devkit-v1\esp_lcd\src\esp_lcd_panel_ssd1306.c.o
Compiling .pio\build\esp32doit-devkit-v1\esp_lcd\src\esp_lcd_panel_st7789.c.o
Compiling .pio\build\esp32doit-devkit-v1\esp_lcd\src\esp_lcd_panel_ops.c.o
Compiling .pio\build\esp32doit-devkit-v1\esp_lcd\src\esp_lcd_panel_io_i2s.c.o
Compiling .pio\build\esp32doit-devkit-v1\esp_local_ctrl\src\esp_local_ctrl.c.o
Archiving .pio\build\esp32doit-devkit-v1\esp-idf\esp_hw_support\libesp_hw_support.a
Compiling .pio\build\esp32doit-devkit-v1\esp_local_ctrl\src\esp_local_ctrl_handler.c.o
Compiling .pio\build\esp32doit-devkit-v1\esp_local_ctrl\proto-c\esp_local_ctrl.pb-c.c.o
Compiling .pio\build\esp32doit-devkit-v1\esp_local_ctrl\src\esp_local_ctrl_transport_httpd.c.o
Compiling .pio\build\esp32doit-devkit-v1\esp_mm\esp_mmu_map.c.o
Compiling .pio\build\esp32doit-devkit-v1\esp_mm\port\esp32\ext_mem_layout.c.o
Compiling .pio\build\esp32doit-devkit-v1\esp_mm\esp_cache.c.o
Compiling .pio\build\esp32doit-devkit-v1\esp_mm\cache_esp32.c.o
Compiling .pio\build\esp32doit-devkit-v1\esp_netif\esp_netif_handlers.c.o
Compiling .pio\build\esp32doit-devkit-v1\esp_netif\esp_netif_objects.c.o
Compiling .pio\build\esp32doit-devkit-v1\esp_netif\esp_netif_defaults.c.o
Compiling .pio\build\esp32doit-devkit-v1\esp_netif\lwip\esp_netif_lwip.c.o
Archiving .pio\build\esp32doit-devkit-v1\esp-idf\esp_lcd\libesp_lcd.a
Compiling .pio\build\esp32doit-devkit-v1\esp_netif\lwip\esp_netif_sntp.c.o
Compiling .pio\build\esp32doit-devkit-v1\esp_netif\lwip\esp_netif_lwip_defaults.c.o
Compiling .pio\build\esp32doit-devkit-v1\esp_netif\lwip\netif\wlanif.c.o
Archiving .pio\build\esp32doit-devkit-v1\esp-idf\esp_local_ctrl\libesp_local_ctrl.a
Compiling .pio\build\esp32doit-devkit-v1\esp_netif\lwip\netif\ethernetif.c.o
Compiling .pio\build\esp32doit-devkit-v1\esp_netif\lwip\netif\esp_pbuf_ref.c.o
Compiling .pio\build\esp32doit-devkit-v1\esp_partition\partition.c.o
Archiving .pio\build\esp32doit-devkit-v1\esp-idf\esp_mm\libesp_mm.a
Compiling .pio\build\esp32doit-devkit-v1\esp_partition\partition_target.c.o
Compiling .pio\build\esp32doit-devkit-v1\esp_phy\src\phy_override.c.o
Compiling .pio\build\esp32doit-devkit-v1\esp_phy\src\lib_printf.c.o
Compiling .pio\build\esp32doit-devkit-v1\esp_phy\src\phy_common.c.o
Compiling .pio\build\esp32doit-devkit-v1\esp_phy\src\phy_init.c.o
Compiling .pio\build\esp32doit-devkit-v1\esp_phy\src\btbb_init.c.o
Compiling .pio\build\esp32doit-devkit-v1\esp_pm\pm_locks.c.o
Archiving .pio\build\esp32doit-devkit-v1\esp-idf\esp_partition\libesp_partition.a
Compiling .pio\build\esp32doit-devkit-v1\esp_pm\pm_trace.c.o
Compiling .pio\build\esp32doit-devkit-v1\esp_pm\pm_impl.c.o
Compiling .pio\build\esp32doit-devkit-v1\esp_ringbuf\ringbuf.c.o
Compiling .pio\build\esp32doit-devkit-v1\esp_rom\patches\esp_rom_crc.c.o
Compiling .pio\build\esp32doit-devkit-v1\esp_rom\patches\esp_rom_sys.c.o
Compiling .pio\build\esp32doit-devkit-v1\esp_rom\patches\esp_rom_uart.c.o
Compiling .pio\build\esp32doit-devkit-v1\esp_rom\patches\esp_rom_spiflash.c.o
Compiling .pio\build\esp32doit-devkit-v1\esp_rom\patches\esp_rom_efuse.c.o
Compiling .pio\build\esp32doit-devkit-v1\esp_rom\patches\esp_rom_longjmp.S.o
Archiving .pio\build\esp32doit-devkit-v1\esp-idf\esp_netif\libesp_netif.a
Compiling .pio\build\esp32doit-devkit-v1\esp_system\esp_err.c.o
Compiling .pio\build\esp32doit-devkit-v1\esp_system\crosscore_int.c.o
Archiving .pio\build\esp32doit-devkit-v1\esp-idf\esp_phy\libesp_phy.a
Compiling .pio\build\esp32doit-devkit-v1\esp_system\esp_ipc.c.o
Compiling .pio\build\esp32doit-devkit-v1\esp_system\freertos_hooks.c.o
Compiling .pio\build\esp32doit-devkit-v1\esp_system\int_wdt.c.o
Compiling .pio\build\esp32doit-devkit-v1\esp_system\panic.c.o
Archiving .pio\build\esp32doit-devkit-v1\esp-idf\esp_pm\libesp_pm.a
Compiling .pio\build\esp32doit-devkit-v1\esp_system\esp_system.c.o
Compiling .pio\build\esp32doit-devkit-v1\esp_system\startup.c.o
Archiving .pio\build\esp32doit-devkit-v1\esp-idf\esp_rom\libesp_rom.a
Compiling .pio\build\esp32doit-devkit-v1\esp_system\system_time.c.o
Compiling .pio\build\esp32doit-devkit-v1\esp_system\stack_check.c.o
Compiling .pio\build\esp32doit-devkit-v1\esp_system\ubsan.c.o
Archiving .pio\build\esp32doit-devkit-v1\esp-idf\esp_ringbuf\libesp_ringbuf.a
Compiling .pio\build\esp32doit-devkit-v1\esp_system\xt_wdt.c.o
Compiling .pio\build\esp32doit-devkit-v1\esp_system\debug_stubs.c.o
Compiling .pio\build\esp32doit-devkit-v1\esp_system\task_wdt\task_wdt.c.o
Compiling .pio\build\esp32doit-devkit-v1\esp_system\task_wdt\task_wdt_impl_timergroup.c.o
Compiling .pio\build\esp32doit-devkit-v1\esp_system\port\cpu_start.c.o
Compiling .pio\build\esp32doit-devkit-v1\esp_system\port\panic_handler.c.o
Compiling .pio\build\esp32doit-devkit-v1\esp_system\port\esp_system_chip.c.o
Compiling .pio\build\esp32doit-devkit-v1\esp_system\port\brownout.c.o
Compiling .pio\build\esp32doit-devkit-v1\esp_system\port\esp_ipc_isr.c.o
Compiling .pio\build\esp32doit-devkit-v1\esp_system\port\arch\xtensa\esp_ipc_isr_port.c.o
Compiling .pio\build\esp32doit-devkit-v1\esp_system\port\arch\xtensa\esp_ipc_isr_handler.S.o
Compiling .pio\build\esp32doit-devkit-v1\esp_system\port\arch\xtensa\esp_ipc_isr_routines.S.o
Compiling .pio\build\esp32doit-devkit-v1\esp_system\port\arch\xtensa\panic_arch.c.o
Compiling .pio\build\esp32doit-devkit-v1\esp_system\port\arch\xtensa\panic_handler_asm.S.o
Compiling .pio\build\esp32doit-devkit-v1\esp_system\port\arch\xtensa\expression_with_stack.c.o
Compiling .pio\build\esp32doit-devkit-v1\esp_system\port\arch\xtensa\expression_with_stack_asm.S.o
Compiling .pio\build\esp32doit-devkit-v1\esp_system\port\arch\xtensa\debug_helpers.c.o
Compiling .pio\build\esp32doit-devkit-v1\esp_system\port\arch\xtensa\debug_helpers_asm.S.o
Compiling .pio\build\esp32doit-devkit-v1\esp_system\port\arch\xtensa\debug_stubs.c.o
Compiling .pio\build\esp32doit-devkit-v1\esp_system\port\arch\xtensa\trax.c.o
Compiling .pio\build\esp32doit-devkit-v1\esp_system\port\soc\esp32\highint_hdl.S.o
Compiling .pio\build\esp32doit-devkit-v1\esp_system\port\soc\esp32\clk.c.o
Compiling .pio\build\esp32doit-devkit-v1\esp_system\port\soc\esp32\reset_reason.c.o
Compiling .pio\build\esp32doit-devkit-v1\esp_system\port\soc\esp32\system_internal.c.o
Compiling .pio\build\esp32doit-devkit-v1\esp_system\port\soc\esp32\cache_err_int.c.o
Compiling .pio\build\esp32doit-devkit-v1\esp_timer\src\esp_timer.c.o
Compiling .pio\build\esp32doit-devkit-v1\esp_timer\src\ets_timer_legacy.c.o
Compiling .pio\build\esp32doit-devkit-v1\esp_timer\src\system_time.c.o
Compiling .pio\build\esp32doit-devkit-v1\esp_timer\src\esp_timer_impl_common.c.o
Compiling .pio\build\esp32doit-devkit-v1\esp_timer\src\esp_timer_impl_lac.c.o
Compiling .pio\build\esp32doit-devkit-v1\esp_wifi\src\mesh_event.c.o
Compiling .pio\build\esp32doit-devkit-v1\esp_wifi\src\smartconfig.c.o
Compiling .pio\build\esp32doit-devkit-v1\esp_wifi\src\wifi_init.c.o
Archiving .pio\build\esp32doit-devkit-v1\esp-idf\esp_system\libesp_system.a
Compiling .pio\build\esp32doit-devkit-v1\esp_wifi\src\wifi_default.c.o
Compiling .pio\build\esp32doit-devkit-v1\esp_wifi\src\wifi_netif.c.o
Compiling .pio\build\esp32doit-devkit-v1\esp_wifi\src\wifi_default_ap.c.o
Compiling .pio\build\esp32doit-devkit-v1\esp_wifi\esp32\esp_adapter.c.o
Compiling .pio\build\esp32doit-devkit-v1\esp_wifi\src\smartconfig_ack.c.o
Compiling .pio\build\esp32doit-devkit-v1\espcoredump\src\core_dump_common.c.o
Archiving .pio\build\esp32doit-devkit-v1\esp-idf\esp_timer\libesp_timer.a
Compiling .pio\build\esp32doit-devkit-v1\espcoredump\src\core_dump_checksum.c.o
Compiling .pio\build\esp32doit-devkit-v1\espcoredump\src\core_dump_flash.c.o
Compiling .pio\build\esp32doit-devkit-v1\espcoredump\src\core_dump_uart.c.o
Compiling .pio\build\esp32doit-devkit-v1\espcoredump\src\core_dump_elf.c.o
Compiling .pio\build\esp32doit-devkit-v1\espcoredump\src\core_dump_binary.c.o
Compiling .pio\build\esp32doit-devkit-v1\espcoredump\src\port\xtensa\core_dump_port.c.o
Compiling .pio\build\esp32doit-devkit-v1\fatfs\diskio\diskio.c.o
Compiling .pio\build\esp32doit-devkit-v1\fatfs\diskio\diskio_rawflash.c.o
Compiling .pio\build\esp32doit-devkit-v1\fatfs\diskio\diskio_wl.c.o
Compiling .pio\build\esp32doit-devkit-v1\fatfs\src\ff.c.o
Archiving .pio\build\esp32doit-devkit-v1\esp-idf\esp_wifi\libesp_wifi.a
Compiling .pio\build\esp32doit-devkit-v1\fatfs\src\ffunicode.c.o
Compiling .pio\build\esp32doit-devkit-v1\fatfs\port\freertos\ffsystem.c.o
Compiling .pio\build\esp32doit-devkit-v1\fatfs\diskio\diskio_sdmmc.c.o
Compiling .pio\build\esp32doit-devkit-v1\fatfs\vfs\vfs_fat.c.o
Compiling .pio\build\esp32doit-devkit-v1\fatfs\vfs\vfs_fat_sdmmc.c.o
Compiling .pio\build\esp32doit-devkit-v1\fatfs\vfs\vfs_fat_spiflash.c.o
Compiling .pio\build\esp32doit-devkit-v1\freertos\heap_idf.c.o
Archiving .pio\build\esp32doit-devkit-v1\esp-idf\espcoredump\libespcoredump.a
Compiling .pio\build\esp32doit-devkit-v1\freertos\app_startup.c.o
Compiling .pio\build\esp32doit-devkit-v1\freertos\port_common.c.o
Compiling .pio\build\esp32doit-devkit-v1\freertos\port_systick.c.o
Compiling .pio\build\esp32doit-devkit-v1\freertos\FreeRTOS-Kernel\list.c.o
Compiling .pio\build\esp32doit-devkit-v1\freertos\FreeRTOS-Kernel\queue.c.o
Compiling .pio\build\esp32doit-devkit-v1\freertos\FreeRTOS-Kernel\tasks.c.o
Compiling .pio\build\esp32doit-devkit-v1\freertos\FreeRTOS-Kernel\timers.c.o
Compiling .pio\build\esp32doit-devkit-v1\freertos\FreeRTOS-Kernel\event_groups.c.o
Compiling .pio\build\esp32doit-devkit-v1\freertos\FreeRTOS-Kernel\stream_buffer.c.o
Compiling .pio\build\esp32doit-devkit-v1\freertos\FreeRTOS-Kernel\portable\xtensa\port.c.o
Compiling .pio\build\esp32doit-devkit-v1\freertos\FreeRTOS-Kernel\portable\xtensa\portasm.S.o
Compiling .pio\build\esp32doit-devkit-v1\freertos\FreeRTOS-Kernel\portable\xtensa\xtensa_init.c.o
Compiling .pio\build\esp32doit-devkit-v1\freertos\FreeRTOS-Kernel\portable\xtensa\xtensa_overlay_os_hook.c.o
Compiling .pio\build\esp32doit-devkit-v1\freertos\esp_additions\freertos_compatibility.c.o
Compiling .pio\build\esp32doit-devkit-v1\freertos\esp_additions\idf_additions.c.o
Archiving .pio\build\esp32doit-devkit-v1\esp-idf\fatfs\libfatfs.a
Compiling .pio\build\esp32doit-devkit-v1\hal\hal_utils.c.o
Compiling .pio\build\esp32doit-devkit-v1\hal\mpu_hal.c.o
Compiling .pio\build\esp32doit-devkit-v1\hal\efuse_hal.c.o
Compiling .pio\build\esp32doit-devkit-v1\hal\esp32\efuse_hal.c.o
Compiling .pio\build\esp32doit-devkit-v1\hal\wdt_hal_iram.c.o
Compiling .pio\build\esp32doit-devkit-v1\hal\mmu_hal.c.o
Compiling .pio\build\esp32doit-devkit-v1\hal\esp32\cache_hal_esp32.c.o
Compiling .pio\build\esp32doit-devkit-v1\hal\spi_flash_hal.c.o
Compiling .pio\build\esp32doit-devkit-v1\hal\spi_flash_hal_iram.c.o
Compiling .pio\build\esp32doit-devkit-v1\hal\spi_flash_encrypt_hal_iram.c.o
Compiling .pio\build\esp32doit-devkit-v1\hal\esp32\clk_tree_hal.c.o
Archiving .pio\build\esp32doit-devkit-v1\esp-idf\freertos\libfreertos.a
Compiling .pio\build\esp32doit-devkit-v1\hal\uart_hal.c.o
Compiling .pio\build\esp32doit-devkit-v1\hal\uart_hal_iram.c.o
Compiling .pio\build\esp32doit-devkit-v1\hal\gpio_hal.c.o
Compiling .pio\build\esp32doit-devkit-v1\hal\rtc_io_hal.c.o
Compiling .pio\build\esp32doit-devkit-v1\hal\timer_hal.c.o
Compiling .pio\build\esp32doit-devkit-v1\hal\ledc_hal.c.o
Compiling .pio\build\esp32doit-devkit-v1\hal\ledc_hal_iram.c.o
Compiling .pio\build\esp32doit-devkit-v1\hal\i2c_hal.c.o
Compiling .pio\build\esp32doit-devkit-v1\hal\i2c_hal_iram.c.o
Compiling .pio\build\esp32doit-devkit-v1\hal\rmt_hal.c.o
Compiling .pio\build\esp32doit-devkit-v1\hal\pcnt_hal.c.o
Compiling .pio\build\esp32doit-devkit-v1\hal\mcpwm_hal.c.o
Compiling .pio\build\esp32doit-devkit-v1\hal\twai_hal.c.o
Compiling .pio\build\esp32doit-devkit-v1\hal\twai_hal_iram.c.o
Compiling .pio\build\esp32doit-devkit-v1\hal\i2s_hal.c.o
Compiling .pio\build\esp32doit-devkit-v1\hal\sdm_hal.c.o
Compiling .pio\build\esp32doit-devkit-v1\hal\sdmmc_hal.c.o
Compiling .pio\build\esp32doit-devkit-v1\hal\emac_hal.c.o
Compiling .pio\build\esp32doit-devkit-v1\hal\adc_hal_common.c.o
Compiling .pio\build\esp32doit-devkit-v1\hal\adc_oneshot_hal.c.o
Compiling .pio\build\esp32doit-devkit-v1\hal\adc_hal.c.o
Compiling .pio\build\esp32doit-devkit-v1\hal\mpi_hal.c.o
Compiling .pio\build\esp32doit-devkit-v1\hal\sha_hal.c.o
Compiling .pio\build\esp32doit-devkit-v1\hal\aes_hal.c.o
Compiling .pio\build\esp32doit-devkit-v1\hal\brownout_hal.c.o
Compiling .pio\build\esp32doit-devkit-v1\hal\spi_hal.c.o
Compiling .pio\build\esp32doit-devkit-v1\hal\spi_hal_iram.c.o
Compiling .pio\build\esp32doit-devkit-v1\hal\spi_slave_hal.c.o
Compiling .pio\build\esp32doit-devkit-v1\hal\spi_slave_hal_iram.c.o
Compiling .pio\build\esp32doit-devkit-v1\hal\sdio_slave_hal.c.o
Compiling .pio\build\esp32doit-devkit-v1\hal\touch_sensor_hal.c.o
Compiling .pio\build\esp32doit-devkit-v1\hal\esp32\touch_sensor_hal.c.o
Compiling .pio\build\esp32doit-devkit-v1\hal\esp32\gpio_hal_workaround.c.o
Compiling .pio\build\esp32doit-devkit-v1\heap\heap_caps.c.o
Compiling .pio\build\esp32doit-devkit-v1\heap\heap_caps_init.c.o
Compiling .pio\build\esp32doit-devkit-v1\heap\multi_heap.c.o
Compiling .pio\build\esp32doit-devkit-v1\heap\tlsf\tlsf.c.o
Compiling .pio\build\esp32doit-devkit-v1\heap\port\memory_layout_utils.c.o
Compiling .pio\build\esp32doit-devkit-v1\heap\port\esp32\memory_layout.c.o
Compiling .pio\build\esp32doit-devkit-v1\http_parser\http_parser.c.o
Compiling .pio\build\esp32doit-devkit-v1\json\cJSON\cJSON.c.o
Compiling .pio\build\esp32doit-devkit-v1\json\cJSON\cJSON_Utils.c.o
Compiling .pio\build\esp32doit-devkit-v1\log\log.c.o
Compiling .pio\build\esp32doit-devkit-v1\log\log_buffers.c.o
Archiving .pio\build\esp32doit-devkit-v1\esp-idf\hal\libhal.a
Compiling .pio\build\esp32doit-devkit-v1\log\log_freertos.c.o
Compiling .pio\build\esp32doit-devkit-v1\lwip\apps\sntp\sntp.c.o
Compiling .pio\build\esp32doit-devkit-v1\lwip\lwip\src\api\api_lib.c.o
Compiling .pio\build\esp32doit-devkit-v1\lwip\lwip\src\api\api_msg.c.o
Compiling .pio\build\esp32doit-devkit-v1\lwip\lwip\src\api\err.c.o
Compiling .pio\build\esp32doit-devkit-v1\lwip\lwip\src\api\if_api.c.o
Archiving .pio\build\esp32doit-devkit-v1\esp-idf\heap\libheap.a
Compiling .pio\build\esp32doit-devkit-v1\lwip\lwip\src\api\netbuf.c.o
Compiling .pio\build\esp32doit-devkit-v1\lwip\lwip\src\api\netdb.c.o
Compiling .pio\build\esp32doit-devkit-v1\lwip\lwip\src\api\netifapi.c.o
Compiling .pio\build\esp32doit-devkit-v1\lwip\lwip\src\api\sockets.c.o
Archiving .pio\build\esp32doit-devkit-v1\esp-idf\log\liblog.a
Archiving .pio\build\esp32doit-devkit-v1\esp-idf\json\libjson.a
Compiling .pio\build\esp32doit-devkit-v1\lwip\lwip\src\api\tcpip.c.o
Compiling .pio\build\esp32doit-devkit-v1\lwip\lwip\src\apps\sntp\sntp.c.o
Archiving .pio\build\esp32doit-devkit-v1\esp-idf\http_parser\libhttp_parser.a
Compiling .pio\build\esp32doit-devkit-v1\lwip\lwip\src\apps\netbiosns\netbiosns.c.o
Compiling .pio\build\esp32doit-devkit-v1\lwip\lwip\src\core\def.c.o
Compiling .pio\build\esp32doit-devkit-v1\lwip\lwip\src\core\dns.c.o
Compiling .pio\build\esp32doit-devkit-v1\lwip\lwip\src\core\inet_chksum.c.o
Compiling .pio\build\esp32doit-devkit-v1\lwip\lwip\src\core\init.c.o
Compiling .pio\build\esp32doit-devkit-v1\lwip\lwip\src\core\ip.c.o
Compiling .pio\build\esp32doit-devkit-v1\lwip\lwip\src\core\mem.c.o
Compiling .pio\build\esp32doit-devkit-v1\lwip\lwip\src\core\memp.c.o
Compiling .pio\build\esp32doit-devkit-v1\lwip\lwip\src\core\netif.c.o
Compiling .pio\build\esp32doit-devkit-v1\lwip\lwip\src\core\pbuf.c.o
Compiling .pio\build\esp32doit-devkit-v1\lwip\lwip\src\core\raw.c.o
Compiling .pio\build\esp32doit-devkit-v1\lwip\lwip\src\core\stats.c.o
Compiling .pio\build\esp32doit-devkit-v1\lwip\lwip\src\core\sys.c.o
Compiling .pio\build\esp32doit-devkit-v1\lwip\lwip\src\core\tcp.c.o
Compiling .pio\build\esp32doit-devkit-v1\lwip\lwip\src\core\tcp_in.c.o
Compiling .pio\build\esp32doit-devkit-v1\lwip\lwip\src\core\tcp_out.c.o
Compiling .pio\build\esp32doit-devkit-v1\lwip\lwip\src\core\timeouts.c.o
Compiling .pio\build\esp32doit-devkit-v1\lwip\lwip\src\core\udp.c.o
Compiling .pio\build\esp32doit-devkit-v1\lwip\lwip\src\core\ipv4\autoip.c.o
Compiling .pio\build\esp32doit-devkit-v1\lwip\lwip\src\core\ipv4\dhcp.c.o
Compiling .pio\build\esp32doit-devkit-v1\lwip\lwip\src\core\ipv4\etharp.c.o
Compiling .pio\build\esp32doit-devkit-v1\lwip\lwip\src\core\ipv4\icmp.c.o
Compiling .pio\build\esp32doit-devkit-v1\lwip\lwip\src\core\ipv4\igmp.c.o
Compiling .pio\build\esp32doit-devkit-v1\lwip\lwip\src\core\ipv4\ip4.c.o
Compiling .pio\build\esp32doit-devkit-v1\lwip\lwip\src\core\ipv4\ip4_napt.c.o
Compiling .pio\build\esp32doit-devkit-v1\lwip\lwip\src\core\ipv4\ip4_addr.c.o
Compiling .pio\build\esp32doit-devkit-v1\lwip\lwip\src\core\ipv4\ip4_frag.c.o
Compiling .pio\build\esp32doit-devkit-v1\lwip\lwip\src\core\ipv6\dhcp6.c.o
Compiling .pio\build\esp32doit-devkit-v1\lwip\lwip\src\core\ipv6\ethip6.c.o
Compiling .pio\build\esp32doit-devkit-v1\lwip\lwip\src\core\ipv6\icmp6.c.o
Compiling .pio\build\esp32doit-devkit-v1\lwip\lwip\src\core\ipv6\inet6.c.o
Compiling .pio\build\esp32doit-devkit-v1\lwip\lwip\src\core\ipv6\ip6.c.o
Compiling .pio\build\esp32doit-devkit-v1\lwip\lwip\src\core\ipv6\ip6_addr.c.o
Compiling .pio\build\esp32doit-devkit-v1\lwip\lwip\src\core\ipv6\ip6_frag.c.o
Compiling .pio\build\esp32doit-devkit-v1\lwip\lwip\src\core\ipv6\mld6.c.o
Compiling .pio\build\esp32doit-devkit-v1\lwip\lwip\src\core\ipv6\nd6.c.o
Compiling .pio\build\esp32doit-devkit-v1\lwip\lwip\src\netif\ethernet.c.o
Compiling .pio\build\esp32doit-devkit-v1\lwip\lwip\src\netif\bridgeif.c.o
Compiling .pio\build\esp32doit-devkit-v1\lwip\lwip\src\netif\bridgeif_fdb.c.o
Compiling .pio\build\esp32doit-devkit-v1\lwip\lwip\src\netif\slipif.c.o
Compiling .pio\build\esp32doit-devkit-v1\lwip\lwip\src\netif\ppp\auth.c.o
Compiling .pio\build\esp32doit-devkit-v1\lwip\lwip\src\netif\ppp\ccp.c.o
Compiling .pio\build\esp32doit-devkit-v1\lwip\lwip\src\netif\ppp\chap-md5.c.o
Compiling .pio\build\esp32doit-devkit-v1\lwip\lwip\src\netif\ppp\chap-new.c.o
Compiling .pio\build\esp32doit-devkit-v1\lwip\lwip\src\netif\ppp\chap_ms.c.o
Compiling .pio\build\esp32doit-devkit-v1\lwip\lwip\src\netif\ppp\demand.c.o
Compiling .pio\build\esp32doit-devkit-v1\lwip\lwip\src\netif\ppp\eap.c.o
Compiling .pio\build\esp32doit-devkit-v1\lwip\lwip\src\netif\ppp\ecp.c.o
Compiling .pio\build\esp32doit-devkit-v1\lwip\lwip\src\netif\ppp\eui64.c.o
Compiling .pio\build\esp32doit-devkit-v1\lwip\lwip\src\netif\ppp\fsm.c.o
Compiling .pio\build\esp32doit-devkit-v1\lwip\lwip\src\netif\ppp\ipcp.c.o
Compiling .pio\build\esp32doit-devkit-v1\lwip\lwip\src\netif\ppp\ipv6cp.c.o
Compiling .pio\build\esp32doit-devkit-v1\lwip\lwip\src\netif\ppp\lcp.c.o
Compiling .pio\build\esp32doit-devkit-v1\lwip\lwip\src\netif\ppp\magic.c.o
Compiling .pio\build\esp32doit-devkit-v1\lwip\lwip\src\netif\ppp\mppe.c.o
Compiling .pio\build\esp32doit-devkit-v1\lwip\lwip\src\netif\ppp\multilink.c.o
Compiling .pio\build\esp32doit-devkit-v1\lwip\lwip\src\netif\ppp\ppp.c.o
Compiling .pio\build\esp32doit-devkit-v1\lwip\lwip\src\netif\ppp\pppapi.c.o
Compiling .pio\build\esp32doit-devkit-v1\lwip\lwip\src\netif\ppp\pppcrypt.c.o
Compiling .pio\build\esp32doit-devkit-v1\lwip\lwip\src\netif\ppp\pppoe.c.o
Compiling .pio\build\esp32doit-devkit-v1\lwip\lwip\src\netif\ppp\pppol2tp.c.o
Compiling .pio\build\esp32doit-devkit-v1\lwip\lwip\src\netif\ppp\pppos.c.o
Compiling .pio\build\esp32doit-devkit-v1\lwip\lwip\src\netif\ppp\upap.c.o
Compiling .pio\build\esp32doit-devkit-v1\lwip\lwip\src\netif\ppp\utils.c.o
Compiling .pio\build\esp32doit-devkit-v1\lwip\lwip\src\netif\ppp\vj.c.o
Compiling .pio\build\esp32doit-devkit-v1\lwip\port\hooks\tcp_isn_default.c.o
Compiling .pio\build\esp32doit-devkit-v1\lwip\port\hooks\lwip_default_hooks.c.o
Compiling .pio\build\esp32doit-devkit-v1\lwip\port\debug\lwip_debug.c.o
Compiling .pio\build\esp32doit-devkit-v1\lwip\port\sockets_ext.c.o
Compiling .pio\build\esp32doit-devkit-v1\lwip\port\freertos\sys_arch.c.o
Compiling .pio\build\esp32doit-devkit-v1\lwip\port\esp32xx\vfs_lwip.c.o
Compiling .pio\build\esp32doit-devkit-v1\lwip\apps\ping\esp_ping.c.o
Compiling .pio\build\esp32doit-devkit-v1\lwip\apps\ping\ping.c.o
Compiling .pio\build\esp32doit-devkit-v1\lwip\apps\ping\ping_sock.c.o
Compiling .pio\build\esp32doit-devkit-v1\lwip\apps\dhcpserver\dhcpserver.c.o
Compiling .pio\build\esp32doit-devkit-v1\mbedtls\esp_crt_bundle\esp_crt_bundle.c.o
Compiling .pio\build\esp32doit-devkit-v1\.pio\build\esp32doit-devkit-v1\x509_crt_bundle.S.o
Compiling .pio\build\esp32doit-devkit-v1\mqtt\esp-mqtt\mqtt_client.c.o
Compiling .pio\build\esp32doit-devkit-v1\mqtt\esp-mqtt\lib\mqtt_msg.c.o
Compiling .pio\build\esp32doit-devkit-v1\mqtt\esp-mqtt\lib\mqtt_outbox.c.o
Compiling .pio\build\esp32doit-devkit-v1\mqtt\esp-mqtt\lib\platform_esp32_idf.c.o
Compiling .pio\build\esp32doit-devkit-v1\newlib\abort.c.o
Compiling .pio\build\esp32doit-devkit-v1\newlib\assert.c.o
Compiling .pio\build\esp32doit-devkit-v1\newlib\heap.c.o
Compiling .pio\build\esp32doit-devkit-v1\newlib\locks.c.o
Compiling .pio\build\esp32doit-devkit-v1\newlib\poll.c.o
Archiving .pio\build\esp32doit-devkit-v1\esp-idf\mbedtls\libmbedtls.a
Compiling .pio\build\esp32doit-devkit-v1\newlib\pthread.c.o
Compiling .pio\build\esp32doit-devkit-v1\newlib\random.c.o
Compiling .pio\build\esp32doit-devkit-v1\newlib\getentropy.c.o
Compiling .pio\build\esp32doit-devkit-v1\newlib\reent_init.c.o
Compiling .pio\build\esp32doit-devkit-v1\newlib\newlib_init.c.o
Archiving .pio\build\esp32doit-devkit-v1\esp-idf\lwip\liblwip.a
Compiling .pio\build\esp32doit-devkit-v1\newlib\syscalls.c.o
Compiling .pio\build\esp32doit-devkit-v1\newlib\termios.c.o
Compiling .pio\build\esp32doit-devkit-v1\newlib\stdatomic.c.o
Compiling .pio\build\esp32doit-devkit-v1\newlib\time.c.o
Compiling .pio\build\esp32doit-devkit-v1\newlib\sysconf.c.o
Compiling .pio\build\esp32doit-devkit-v1\newlib\realpath.c.o
Compiling .pio\build\esp32doit-devkit-v1\newlib\port\esp_time_impl.c.o
Compiling .pio\build\esp32doit-devkit-v1\nvs_flash\src\nvs_api.cpp.o
Compiling .pio\build\esp32doit-devkit-v1\nvs_flash\src\nvs_cxx_api.cpp.o
Compiling .pio\build\esp32doit-devkit-v1\nvs_flash\src\nvs_item_hash_list.cpp.o
Compiling .pio\build\esp32doit-devkit-v1\nvs_flash\src\nvs_page.cpp.o
Compiling .pio\build\esp32doit-devkit-v1\nvs_flash\src\nvs_pagemanager.cpp.o
Compiling .pio\build\esp32doit-devkit-v1\nvs_flash\src\nvs_storage.cpp.o
Compiling .pio\build\esp32doit-devkit-v1\nvs_flash\src\nvs_handle_simple.cpp.o
Compiling .pio\build\esp32doit-devkit-v1\nvs_flash\src\nvs_handle_locked.cpp.o
Compiling .pio\build\esp32doit-devkit-v1\nvs_flash\src\nvs_partition.cpp.o
Compiling .pio\build\esp32doit-devkit-v1\nvs_flash\src\nvs_partition_lookup.cpp.o
Archiving .pio\build\esp32doit-devkit-v1\esp-idf\newlib\libnewlib.a
Archiving .pio\build\esp32doit-devkit-v1\esp-idf\mqtt\libmqtt.a
Compiling .pio\build\esp32doit-devkit-v1\nvs_flash\src\nvs_partition_manager.cpp.o
Compiling .pio\build\esp32doit-devkit-v1\nvs_flash\src\nvs_types.cpp.o
Compiling .pio\build\esp32doit-devkit-v1\nvs_flash\src\nvs_encrypted_partition.cpp.o
Compiling .pio\build\esp32doit-devkit-v1\nvs_sec_provider\nvs_sec_provider.c.o
Archiving .pio\build\esp32doit-devkit-v1\esp-idf\nvs_sec_provider\libnvs_sec_provider.a
Compiling .pio\build\esp32doit-devkit-v1\perfmon\xtensa_perfmon_access.c.o
Compiling .pio\build\esp32doit-devkit-v1\perfmon\xtensa_perfmon_apis.c.o
Compiling .pio\build\esp32doit-devkit-v1\perfmon\xtensa_perfmon_masks.c.o
Compiling .pio\build\esp32doit-devkit-v1\protobuf-c\protobuf-c\protobuf-c\protobuf-c.c.o
Compiling .pio\build\esp32doit-devkit-v1\protocomm\src\common\protocomm.c.o
Compiling .pio\build\esp32doit-devkit-v1\protocomm\proto-c\constants.pb-c.c.o
Compiling .pio\build\esp32doit-devkit-v1\protocomm\proto-c\sec0.pb-c.c.o
Compiling .pio\build\esp32doit-devkit-v1\protocomm\proto-c\sec1.pb-c.c.o
Compiling .pio\build\esp32doit-devkit-v1\protocomm\proto-c\sec2.pb-c.c.o
Compiling .pio\build\esp32doit-devkit-v1\protocomm\proto-c\session.pb-c.c.o
Compiling .pio\build\esp32doit-devkit-v1\protocomm\src\transports\protocomm_console.c.o
Compiling .pio\build\esp32doit-devkit-v1\protocomm\src\transports\protocomm_httpd.c.o
Archiving .pio\build\esp32doit-devkit-v1\esp-idf\perfmon\libperfmon.a
Compiling .pio\build\esp32doit-devkit-v1\protocomm\src\security\security0.c.o
Compiling .pio\build\esp32doit-devkit-v1\protocomm\src\security\security1.c.o
Compiling .pio\build\esp32doit-devkit-v1\protocomm\src\security\security2.c.o
Compiling .pio\build\esp32doit-devkit-v1\protocomm\src\crypto\srp6a\esp_srp.c.o
Compiling .pio\build\esp32doit-devkit-v1\protocomm\src\crypto\srp6a\esp_srp_mpi.c.o
Compiling .pio\build\esp32doit-devkit-v1\pthread\pthread.c.o
Compiling .pio\build\esp32doit-devkit-v1\pthread\pthread_cond_var.c.o
Compiling .pio\build\esp32doit-devkit-v1\pthread\pthread_local_storage.c.o
Archiving .pio\build\esp32doit-devkit-v1\esp-idf\protobuf-c\libprotobuf-c.a
Compiling .pio\build\esp32doit-devkit-v1\pthread\pthread_rwlock.c.o
Compiling .pio\build\esp32doit-devkit-v1\pthread\pthread_semaphore.c.o
Compiling .pio\build\esp32doit-devkit-v1\sdmmc\sdmmc_cmd.c.o
Archiving .pio\build\esp32doit-devkit-v1\esp-idf\nvs_flash\libnvs_flash.a
Compiling .pio\build\esp32doit-devkit-v1\sdmmc\sdmmc_common.c.o
Compiling .pio\build\esp32doit-devkit-v1\sdmmc\sdmmc_init.c.o
Compiling .pio\build\esp32doit-devkit-v1\sdmmc\sdmmc_io.c.o
Compiling .pio\build\esp32doit-devkit-v1\sdmmc\sdmmc_mmc.c.o
Compiling .pio\build\esp32doit-devkit-v1\sdmmc\sdmmc_sd.c.o
Compiling .pio\build\esp32doit-devkit-v1\soc\lldesc.c.o
Compiling .pio\build\esp32doit-devkit-v1\soc\dport_access_common.c.o
Compiling .pio\build\esp32doit-devkit-v1\soc\esp32\interrupts.c.o
Compiling .pio\build\esp32doit-devkit-v1\soc\esp32\gpio_periph.c.o
Archiving .pio\build\esp32doit-devkit-v1\esp-idf\protocomm\libprotocomm.a
Archiving .pio\build\esp32doit-devkit-v1\esp-idf\pthread\libpthread.a
Compiling .pio\build\esp32doit-devkit-v1\soc\esp32\uart_periph.c.o
Compiling .pio\build\esp32doit-devkit-v1\soc\esp32\dport_access.c.o
Compiling .pio\build\esp32doit-devkit-v1\soc\esp32\adc_periph.c.o
Compiling .pio\build\esp32doit-devkit-v1\soc\esp32\spi_periph.c.o
Compiling .pio\build\esp32doit-devkit-v1\soc\esp32\ledc_periph.c.o
Compiling .pio\build\esp32doit-devkit-v1\soc\esp32\pcnt_periph.c.o
Compiling .pio\build\esp32doit-devkit-v1\soc\esp32\rmt_periph.c.o
Compiling .pio\build\esp32doit-devkit-v1\soc\esp32\sdm_periph.c.o
Compiling .pio\build\esp32doit-devkit-v1\soc\esp32\i2s_periph.c.o
Compiling .pio\build\esp32doit-devkit-v1\soc\esp32\i2c_periph.c.o
Compiling .pio\build\esp32doit-devkit-v1\soc\esp32\timer_periph.c.o
Compiling .pio\build\esp32doit-devkit-v1\soc\esp32\lcd_periph.c.o
Compiling .pio\build\esp32doit-devkit-v1\soc\esp32\mcpwm_periph.c.o
Compiling .pio\build\esp32doit-devkit-v1\soc\esp32\mpi_periph.c.o
Archiving .pio\build\esp32doit-devkit-v1\esp-idf\sdmmc\libsdmmc.a
Compiling .pio\build\esp32doit-devkit-v1\soc\esp32\sdmmc_periph.c.o
Compiling .pio\build\esp32doit-devkit-v1\soc\esp32\touch_sensor_periph.c.o
Compiling .pio\build\esp32doit-devkit-v1\soc\esp32\twai_periph.c.o
Compiling .pio\build\esp32doit-devkit-v1\soc\esp32\dac_periph.c.o
Compiling .pio\build\esp32doit-devkit-v1\soc\esp32\rtc_io_periph.c.o
Compiling .pio\build\esp32doit-devkit-v1\soc\esp32\sdio_slave_periph.c.o
Compiling .pio\build\esp32doit-devkit-v1\spi_flash\flash_brownout_hook.c.o
Compiling .pio\build\esp32doit-devkit-v1\spi_flash\spi_flash_chip_drivers.c.o
Compiling .pio\build\esp32doit-devkit-v1\spi_flash\spi_flash_chip_generic.c.o
Compiling .pio\build\esp32doit-devkit-v1\spi_flash\spi_flash_chip_issi.c.o
Compiling .pio\build\esp32doit-devkit-v1\spi_flash\spi_flash_chip_mxic.c.o
Compiling .pio\build\esp32doit-devkit-v1\spi_flash\spi_flash_chip_gd.c.o
Compiling .pio\build\esp32doit-devkit-v1\spi_flash\spi_flash_chip_winbond.c.o
Compiling .pio\build\esp32doit-devkit-v1\spi_flash\spi_flash_chip_boya.c.o
Compiling .pio\build\esp32doit-devkit-v1\spi_flash\spi_flash_chip_mxic_opi.c.o
Compiling .pio\build\esp32doit-devkit-v1\spi_flash\spi_flash_chip_th.c.o
Compiling .pio\build\esp32doit-devkit-v1\spi_flash\memspi_host_driver.c.o
Compiling .pio\build\esp32doit-devkit-v1\spi_flash\cache_utils.c.o
Archiving .pio\build\esp32doit-devkit-v1\esp-idf\soc\libsoc.a
Compiling .pio\build\esp32doit-devkit-v1\spi_flash\flash_mmap.c.o
Compiling .pio\build\esp32doit-devkit-v1\spi_flash\flash_ops.c.o
Compiling .pio\build\esp32doit-devkit-v1\spi_flash\spi_flash_wrap.c.o
Compiling .pio\build\esp32doit-devkit-v1\spi_flash\esp_flash_api.c.o
Compiling .pio\build\esp32doit-devkit-v1\spi_flash\esp_flash_spi_init.c.o
Compiling .pio\build\esp32doit-devkit-v1\spi_flash\spi_flash_os_func_app.c.o
Compiling .pio\build\esp32doit-devkit-v1\spi_flash\spi_flash_os_func_noos.c.o
Compiling .pio\build\esp32doit-devkit-v1\spiffs\spiffs_api.c.o
Compiling .pio\build\esp32doit-devkit-v1\spiffs\spiffs\src\spiffs_cache.c.o
Compiling .pio\build\esp32doit-devkit-v1\spiffs\spiffs\src\spiffs_check.c.o
Compiling .pio\build\esp32doit-devkit-v1\spiffs\spiffs\src\spiffs_gc.c.o
Compiling .pio\build\esp32doit-devkit-v1\spiffs\spiffs\src\spiffs_hydrogen.c.o
Compiling .pio\build\esp32doit-devkit-v1\spiffs\spiffs\src\spiffs_nucleus.c.o
Compiling .pio\build\esp32doit-devkit-v1\spiffs\esp_spiffs.c.o
Compiling .pio\build\esp32doit-devkit-v1\tcp_transport\transport.c.o
Archiving .pio\build\esp32doit-devkit-v1\esp-idf\spi_flash\libspi_flash.a
Compiling .pio\build\esp32doit-devkit-v1\tcp_transport\transport_ssl.c.o
Compiling .pio\build\esp32doit-devkit-v1\tcp_transport\transport_internal.c.o
Compiling .pio\build\esp32doit-devkit-v1\tcp_transport\transport_socks_proxy.c.o
Compiling .pio\build\esp32doit-devkit-v1\tcp_transport\transport_ws.c.o
Compiling .pio\build\esp32doit-devkit-v1\unity\unity\src\unity.c.o
Compiling .pio\build\esp32doit-devkit-v1\unity\unity_runner.c.o
Compiling .pio\build\esp32doit-devkit-v1\unity\unity_utils_freertos.c.o
Compiling .pio\build\esp32doit-devkit-v1\unity\unity_utils_cache.c.o
Compiling .pio\build\esp32doit-devkit-v1\unity\unity_utils_memory.c.o
Compiling .pio\build\esp32doit-devkit-v1\unity\unity_port_esp32.c.o
Archiving .pio\build\esp32doit-devkit-v1\esp-idf\spiffs\libspiffs.a
Compiling .pio\build\esp32doit-devkit-v1\unity\port\esp\unity_utils_memory_esp.c.o
Compiling .pio\build\esp32doit-devkit-v1\vfs\vfs.c.o
Compiling .pio\build\esp32doit-devkit-v1\vfs\vfs_eventfd.c.o
Compiling .pio\build\esp32doit-devkit-v1\vfs\vfs_uart.c.o
Compiling .pio\build\esp32doit-devkit-v1\vfs\vfs_semihost.c.o
Compiling .pio\build\esp32doit-devkit-v1\vfs\vfs_console.c.o
Compiling .pio\build\esp32doit-devkit-v1\wear_levelling\Partition.cpp.o
Compiling .pio\build\esp32doit-devkit-v1\wear_levelling\SPI_Flash.cpp.o
Compiling .pio\build\esp32doit-devkit-v1\wear_levelling\WL_Ext_Perf.cpp.o
Compiling .pio\build\esp32doit-devkit-v1\wear_levelling\WL_Ext_Safe.cpp.o
Compiling .pio\build\esp32doit-devkit-v1\wear_levelling\WL_Flash.cpp.o
Archiving .pio\build\esp32doit-devkit-v1\esp-idf\tcp_transport\libtcp_transport.a
Archiving .pio\build\esp32doit-devkit-v1\esp-idf\unity\libunity.a
Compiling .pio\build\esp32doit-devkit-v1\wear_levelling\crc32.cpp.o
Compiling .pio\build\esp32doit-devkit-v1\wear_levelling\wear_levelling.cpp.o
Compiling .pio\build\esp32doit-devkit-v1\wifi_provisioning\src\wifi_config.c.o
Compiling .pio\build\esp32doit-devkit-v1\wifi_provisioning\src\wifi_scan.c.o
Compiling .pio\build\esp32doit-devkit-v1\wifi_provisioning\src\wifi_ctrl.c.o
Compiling .pio\build\esp32doit-devkit-v1\wifi_provisioning\src\manager.c.o
Compiling .pio\build\esp32doit-devkit-v1\wifi_provisioning\src\handlers.c.o
Compiling .pio\build\esp32doit-devkit-v1\wifi_provisioning\src\scheme_console.c.o
Compiling .pio\build\esp32doit-devkit-v1\wifi_provisioning\proto-c\wifi_config.pb-c.c.o
Compiling .pio\build\esp32doit-devkit-v1\wifi_provisioning\proto-c\wifi_scan.pb-c.c.o
Compiling .pio\build\esp32doit-devkit-v1\wifi_provisioning\proto-c\wifi_ctrl.pb-c.c.o
Compiling .pio\build\esp32doit-devkit-v1\wifi_provisioning\proto-c\wifi_constants.pb-c.c.o
Archiving .pio\build\esp32doit-devkit-v1\esp-idf\vfs\libvfs.a
Archiving .pio\build\esp32doit-devkit-v1\esp-idf\wear_levelling\libwear_levelling.a
Compiling .pio\build\esp32doit-devkit-v1\wifi_provisioning\src\scheme_softap.c.o
Compiling .pio\build\esp32doit-devkit-v1\wpa_supplicant\port\os_xtensa.c.o
Compiling .pio\build\esp32doit-devkit-v1\wpa_supplicant\port\eloop.c.o
Compiling .pio\build\esp32doit-devkit-v1\wpa_supplicant\src\ap\ap_config.c.o
Compiling .pio\build\esp32doit-devkit-v1\wpa_supplicant\src\ap\ieee802_1x.c.o
Compiling .pio\build\esp32doit-devkit-v1\wpa_supplicant\src\ap\wpa_auth.c.o
Compiling .pio\build\esp32doit-devkit-v1\wpa_supplicant\src\ap\wpa_auth_ie.c.o
Compiling .pio\build\esp32doit-devkit-v1\wpa_supplicant\src\ap\pmksa_cache_auth.c.o
Compiling .pio\build\esp32doit-devkit-v1\wpa_supplicant\src\ap\sta_info.c.o
Compiling .pio\build\esp32doit-devkit-v1\wpa_supplicant\src\ap\ieee802_11.c.o
Compiling .pio\build\esp32doit-devkit-v1\wpa_supplicant\src\ap\comeback_token.c.o
Compiling .pio\build\esp32doit-devkit-v1\wpa_supplicant\src\common\sae.c.o
Archiving .pio\build\esp32doit-devkit-v1\esp-idf\wifi_provisioning\libwifi_provisioning.a
Compiling .pio\build\esp32doit-devkit-v1\wpa_supplicant\src\common\dragonfly.c.o
Compiling .pio\build\esp32doit-devkit-v1\wpa_supplicant\src\common\wpa_common.c.o
Compiling .pio\build\esp32doit-devkit-v1\wpa_supplicant\src\utils\bitfield.c.o
Compiling .pio\build\esp32doit-devkit-v1\wpa_supplicant\src\crypto\aes-siv.c.o
Compiling .pio\build\esp32doit-devkit-v1\wpa_supplicant\src\crypto\sha256-kdf.c.o
Compiling .pio\build\esp32doit-devkit-v1\wpa_supplicant\src\crypto\ccmp.c.o
Compiling .pio\build\esp32doit-devkit-v1\wpa_supplicant\src\crypto\aes-gcm.c.o
Compiling .pio\build\esp32doit-devkit-v1\wpa_supplicant\src\crypto\crypto_ops.c.o
Compiling .pio\build\esp32doit-devkit-v1\wpa_supplicant\src\crypto\dh_group5.c.o
Compiling .pio\build\esp32doit-devkit-v1\wpa_supplicant\src\crypto\dh_groups.c.o
Compiling .pio\build\esp32doit-devkit-v1\wpa_supplicant\src\crypto\ms_funcs.c.o
Compiling .pio\build\esp32doit-devkit-v1\wpa_supplicant\src\crypto\sha1-tlsprf.c.o
Compiling .pio\build\esp32doit-devkit-v1\wpa_supplicant\src\crypto\sha256-tlsprf.c.o
Compiling .pio\build\esp32doit-devkit-v1\wpa_supplicant\src\crypto\sha384-tlsprf.c.o
Compiling .pio\build\esp32doit-devkit-v1\wpa_supplicant\src\crypto\sha256-prf.c.o
Compiling .pio\build\esp32doit-devkit-v1\wpa_supplicant\src\crypto\sha1-prf.c.o
Compiling .pio\build\esp32doit-devkit-v1\wpa_supplicant\src\crypto\sha384-prf.c.o
Compiling .pio\build\esp32doit-devkit-v1\wpa_supplicant\src\crypto\md4-internal.c.o
Compiling .pio\build\esp32doit-devkit-v1\wpa_supplicant\src\crypto\sha1-tprf.c.o
Compiling .pio\build\esp32doit-devkit-v1\wpa_supplicant\src\eap_common\eap_wsc_common.c.o
Compiling .pio\build\esp32doit-devkit-v1\wpa_supplicant\src\common\ieee802_11_common.c.o
Compiling .pio\build\esp32doit-devkit-v1\wpa_supplicant\src\eap_peer\chap.c.o
Compiling .pio\build\esp32doit-devkit-v1\wpa_supplicant\src\eap_peer\eap.c.o
Compiling .pio\build\esp32doit-devkit-v1\wpa_supplicant\src\eap_peer\eap_common.c.o
Compiling .pio\build\esp32doit-devkit-v1\wpa_supplicant\src\eap_peer\eap_mschapv2.c.o
Compiling .pio\build\esp32doit-devkit-v1\wpa_supplicant\src\eap_peer\eap_peap.c.o
Compiling .pio\build\esp32doit-devkit-v1\wpa_supplicant\src\eap_peer\eap_peap_common.c.o
Compiling .pio\build\esp32doit-devkit-v1\wpa_supplicant\src\eap_peer\eap_tls.c.o
Compiling .pio\build\esp32doit-devkit-v1\wpa_supplicant\src\eap_peer\eap_tls_common.c.o
Compiling .pio\build\esp32doit-devkit-v1\wpa_supplicant\src\eap_peer\eap_ttls.c.o
Compiling .pio\build\esp32doit-devkit-v1\wpa_supplicant\src\eap_peer\mschapv2.c.o
Compiling .pio\build\esp32doit-devkit-v1\wpa_supplicant\src\eap_peer\eap_fast.c.o
Compiling .pio\build\esp32doit-devkit-v1\wpa_supplicant\src\eap_peer\eap_fast_common.c.o
Compiling .pio\build\esp32doit-devkit-v1\wpa_supplicant\src\eap_peer\eap_fast_pac.c.o
Compiling .pio\build\esp32doit-devkit-v1\wpa_supplicant\src\rsn_supp\pmksa_cache.c.o
Compiling .pio\build\esp32doit-devkit-v1\wpa_supplicant\src\rsn_supp\wpa.c.o
Compiling .pio\build\esp32doit-devkit-v1\wpa_supplicant\src\rsn_supp\wpa_ie.c.o
Compiling .pio\build\esp32doit-devkit-v1\wpa_supplicant\src\utils\base64.c.o
Compiling .pio\build\esp32doit-devkit-v1\wpa_supplicant\src\utils\common.c.o
Compiling .pio\build\esp32doit-devkit-v1\wpa_supplicant\src\utils\ext_password.c.o
Compiling .pio\build\esp32doit-devkit-v1\wpa_supplicant\src\utils\uuid.c.o
Compiling .pio\build\esp32doit-devkit-v1\wpa_supplicant\src\utils\wpabuf.c.o
Compiling .pio\build\esp32doit-devkit-v1\wpa_supplicant\src\utils\wpa_debug.c.o
Compiling .pio\build\esp32doit-devkit-v1\wpa_supplicant\src\utils\json.c.o
Compiling .pio\build\esp32doit-devkit-v1\wpa_supplicant\src\wps\wps.c.o
Compiling .pio\build\esp32doit-devkit-v1\wpa_supplicant\src\wps\wps_attr_build.c.o
Compiling .pio\build\esp32doit-devkit-v1\wpa_supplicant\src\wps\wps_attr_parse.c.o
Compiling .pio\build\esp32doit-devkit-v1\wpa_supplicant\src\wps\wps_attr_process.c.o
Compiling .pio\build\esp32doit-devkit-v1\wpa_supplicant\src\wps\wps_common.c.o
Compiling .pio\build\esp32doit-devkit-v1\wpa_supplicant\src\wps\wps_dev_attr.c.o
Compiling .pio\build\esp32doit-devkit-v1\wpa_supplicant\src\wps\wps_enrollee.c.o
Compiling .pio\build\esp32doit-devkit-v1\wpa_supplicant\src\common\sae_pk.c.o
Compiling .pio\build\esp32doit-devkit-v1\wpa_supplicant\esp_supplicant\src\esp_eap_client.c.o
Compiling .pio\build\esp32doit-devkit-v1\wpa_supplicant\esp_supplicant\src\esp_wpa2_api_port.c.o
Compiling .pio\build\esp32doit-devkit-v1\wpa_supplicant\esp_supplicant\src\esp_wpa_main.c.o
Compiling .pio\build\esp32doit-devkit-v1\wpa_supplicant\esp_supplicant\src\esp_wpas_glue.c.o
Compiling .pio\build\esp32doit-devkit-v1\wpa_supplicant\esp_supplicant\src\esp_common.c.o
Compiling .pio\build\esp32doit-devkit-v1\wpa_supplicant\esp_supplicant\src\esp_wps.c.o
Compiling .pio\build\esp32doit-devkit-v1\wpa_supplicant\esp_supplicant\src\esp_wpa3.c.o
Compiling .pio\build\esp32doit-devkit-v1\wpa_supplicant\esp_supplicant\src\esp_owe.c.o
Compiling .pio\build\esp32doit-devkit-v1\wpa_supplicant\esp_supplicant\src\esp_hostap.c.o
Compiling .pio\build\esp32doit-devkit-v1\wpa_supplicant\esp_supplicant\src\crypto\tls_mbedtls.c.o
Compiling .pio\build\esp32doit-devkit-v1\wpa_supplicant\esp_supplicant\src\crypto\fastpbkdf2.c.o
Compiling .pio\build\esp32doit-devkit-v1\wpa_supplicant\esp_supplicant\src\crypto\crypto_mbedtls.c.o
Compiling .pio\build\esp32doit-devkit-v1\wpa_supplicant\esp_supplicant\src\crypto\crypto_mbedtls-bignum.c.o
Compiling .pio\build\esp32doit-devkit-v1\wpa_supplicant\esp_supplicant\src\crypto\crypto_mbedtls-rsa.c.o
Compiling .pio\build\esp32doit-devkit-v1\wpa_supplicant\esp_supplicant\src\crypto\crypto_mbedtls-ec.c.o
Compiling .pio\build\esp32doit-devkit-v1\wpa_supplicant\src\crypto\rc4.c.o
Compiling .pio\build\esp32doit-devkit-v1\wpa_supplicant\src\crypto\des-internal.c.o
Compiling .pio\build\esp32doit-devkit-v1\wpa_supplicant\src\crypto\aes-wrap.c.o
Compiling .pio\build\esp32doit-devkit-v1\wpa_supplicant\src\crypto\aes-unwrap.c.o
Compiling .pio\build\esp32doit-devkit-v1\wpa_supplicant\src\crypto\aes-ccm.c.o
Compiling .pio\build\esp32doit-devkit-v1\xtensa\eri.c.o
Compiling .pio\build\esp32doit-devkit-v1\xtensa\xt_trax.c.o
Compiling .pio\build\esp32doit-devkit-v1\xtensa\xtensa_context.S.o
Compiling .pio\build\esp32doit-devkit-v1\xtensa\xtensa_intr_asm.S.o
Compiling .pio\build\esp32doit-devkit-v1\xtensa\xtensa_intr.c.o
Compiling .pio\build\esp32doit-devkit-v1\xtensa\xtensa_vectors.S.o
Compiling .pio\build\esp32doit-devkit-v1\mbedtls\mbedtls\3rdparty\everest\library\everest.c.o
Compiling .pio\build\esp32doit-devkit-v1\mbedtls\mbedtls\3rdparty\everest\library\x25519.c.o
Compiling .pio\build\esp32doit-devkit-v1\mbedtls\mbedtls\3rdparty\everest\library\Hacl_Curve25519_joined.c.o
Compiling .pio\build\esp32doit-devkit-v1\mbedtls\mbedtls\library\aes.c.o
Compiling .pio\build\esp32doit-devkit-v1\mbedtls\mbedtls\library\aesni.c.o
Compiling .pio\build\esp32doit-devkit-v1\mbedtls\mbedtls\library\aesce.c.o
Compiling .pio\build\esp32doit-devkit-v1\mbedtls\mbedtls\library\aria.c.o
Compiling .pio\build\esp32doit-devkit-v1\mbedtls\mbedtls\library\asn1parse.c.o
Compiling .pio\build\esp32doit-devkit-v1\mbedtls\mbedtls\library\asn1write.c.o
Archiving .pio\build\esp32doit-devkit-v1\esp-idf\wpa_supplicant\libwpa_supplicant.a
Compiling .pio\build\esp32doit-devkit-v1\mbedtls\mbedtls\library\base64.c.o
Archiving .pio\build\esp32doit-devkit-v1\esp-idf\xtensa\libxtensa.a
Compiling .pio\build\esp32doit-devkit-v1\mbedtls\mbedtls\library\bignum.c.o
Compiling .pio\build\esp32doit-devkit-v1\mbedtls\mbedtls\library\bignum_core.c.o
Compiling .pio\build\esp32doit-devkit-v1\mbedtls\mbedtls\library\bignum_mod.c.o
Archiving .pio\build\esp32doit-devkit-v1\esp-idf\mbedtls\mbedtls\3rdparty\everest\libeverest.a
Compiling .pio\build\esp32doit-devkit-v1\mbedtls\mbedtls\library\bignum_mod_raw.c.o
Compiling .pio\build\esp32doit-devkit-v1\mbedtls\mbedtls\library\camellia.c.o
Compiling .pio\build\esp32doit-devkit-v1\mbedtls\mbedtls\library\ccm.c.o
Compiling .pio\build\esp32doit-devkit-v1\mbedtls\mbedtls\library\chacha20.c.o
Compiling .pio\build\esp32doit-devkit-v1\mbedtls\mbedtls\library\chachapoly.c.o
Compiling .pio\build\esp32doit-devkit-v1\mbedtls\mbedtls\library\cipher.c.o
Compiling .pio\build\esp32doit-devkit-v1\mbedtls\mbedtls\library\cipher_wrap.c.o
Compiling .pio\build\esp32doit-devkit-v1\mbedtls\mbedtls\library\constant_time.c.o
Compiling .pio\build\esp32doit-devkit-v1\mbedtls\mbedtls\library\cmac.c.o
Compiling .pio\build\esp32doit-devkit-v1\mbedtls\mbedtls\library\ctr_drbg.c.o
Compiling .pio\build\esp32doit-devkit-v1\mbedtls\mbedtls\library\des.c.o
Compiling .pio\build\esp32doit-devkit-v1\mbedtls\mbedtls\library\dhm.c.o
Compiling .pio\build\esp32doit-devkit-v1\mbedtls\mbedtls\library\ecdh.c.o
Compiling .pio\build\esp32doit-devkit-v1\mbedtls\mbedtls\library\ecdsa.c.o
Compiling .pio\build\esp32doit-devkit-v1\mbedtls\mbedtls\library\ecjpake.c.o
Compiling .pio\build\esp32doit-devkit-v1\mbedtls\mbedtls\library\ecp.c.o
Compiling .pio\build\esp32doit-devkit-v1\mbedtls\mbedtls\library\ecp_curves.c.o
Compiling .pio\build\esp32doit-devkit-v1\mbedtls\mbedtls\library\ecp_curves_new.c.o
Compiling .pio\build\esp32doit-devkit-v1\mbedtls\mbedtls\library\entropy.c.o
Compiling .pio\build\esp32doit-devkit-v1\mbedtls\mbedtls\library\entropy_poll.c.o
Compiling .pio\build\esp32doit-devkit-v1\mbedtls\mbedtls\library\error.c.o
Compiling .pio\build\esp32doit-devkit-v1\mbedtls\mbedtls\library\gcm.c.o
Compiling .pio\build\esp32doit-devkit-v1\mbedtls\mbedtls\library\hkdf.c.o
Compiling .pio\build\esp32doit-devkit-v1\mbedtls\mbedtls\library\hmac_drbg.c.o
Compiling .pio\build\esp32doit-devkit-v1\mbedtls\mbedtls\library\lmots.c.o
Compiling .pio\build\esp32doit-devkit-v1\mbedtls\mbedtls\library\lms.c.o
Compiling .pio\build\esp32doit-devkit-v1\mbedtls\mbedtls\library\md.c.o
Compiling .pio\build\esp32doit-devkit-v1\mbedtls\mbedtls\library\md5.c.o
Compiling .pio\build\esp32doit-devkit-v1\mbedtls\mbedtls\library\memory_buffer_alloc.c.o
Compiling .pio\build\esp32doit-devkit-v1\mbedtls\mbedtls\library\nist_kw.c.o
Compiling .pio\build\esp32doit-devkit-v1\mbedtls\mbedtls\library\oid.c.o
Compiling .pio\build\esp32doit-devkit-v1\mbedtls\mbedtls\library\padlock.c.o
Compiling .pio\build\esp32doit-devkit-v1\mbedtls\mbedtls\library\pem.c.o
Compiling .pio\build\esp32doit-devkit-v1\mbedtls\mbedtls\library\pk.c.o
Compiling .pio\build\esp32doit-devkit-v1\mbedtls\mbedtls\library\pk_wrap.c.o
Compiling .pio\build\esp32doit-devkit-v1\mbedtls\mbedtls\library\pkcs12.c.o
Compiling .pio\build\esp32doit-devkit-v1\mbedtls\mbedtls\library\pkcs5.c.o
Compiling .pio\build\esp32doit-devkit-v1\mbedtls\mbedtls\library\pkparse.c.o
Compiling .pio\build\esp32doit-devkit-v1\mbedtls\mbedtls\library\pkwrite.c.o
Compiling .pio\build\esp32doit-devkit-v1\mbedtls\mbedtls\library\platform.c.o
Compiling .pio\build\esp32doit-devkit-v1\mbedtls\mbedtls\library\platform_util.c.o
Compiling .pio\build\esp32doit-devkit-v1\mbedtls\mbedtls\library\poly1305.c.o
Compiling .pio\build\esp32doit-devkit-v1\mbedtls\mbedtls\library\psa_crypto.c.o
Compiling .pio\build\esp32doit-devkit-v1\mbedtls\mbedtls\library\psa_crypto_aead.c.o
Compiling .pio\build\esp32doit-devkit-v1\mbedtls\mbedtls\library\psa_crypto_cipher.c.o
Compiling .pio\build\esp32doit-devkit-v1\mbedtls\mbedtls\library\psa_crypto_client.c.o
Compiling .pio\build\esp32doit-devkit-v1\mbedtls\mbedtls\library\psa_crypto_driver_wrappers_no_static.c.o
Compiling .pio\build\esp32doit-devkit-v1\mbedtls\mbedtls\library\psa_crypto_ecp.c.o
Compiling .pio\build\esp32doit-devkit-v1\mbedtls\mbedtls\library\psa_crypto_ffdh.c.o
Compiling .pio\build\esp32doit-devkit-v1\mbedtls\mbedtls\library\psa_crypto_hash.c.o
Compiling .pio\build\esp32doit-devkit-v1\mbedtls\mbedtls\library\psa_crypto_mac.c.o
Compiling .pio\build\esp32doit-devkit-v1\mbedtls\mbedtls\library\psa_crypto_pake.c.o
Compiling .pio\build\esp32doit-devkit-v1\mbedtls\mbedtls\library\psa_crypto_rsa.c.o
Compiling .pio\build\esp32doit-devkit-v1\mbedtls\mbedtls\library\psa_crypto_se.c.o
Compiling .pio\build\esp32doit-devkit-v1\mbedtls\mbedtls\library\psa_crypto_slot_management.c.o
Compiling .pio\build\esp32doit-devkit-v1\mbedtls\mbedtls\library\psa_crypto_storage.c.o
Compiling .pio\build\esp32doit-devkit-v1\mbedtls\mbedtls\library\psa_its_file.c.o
Compiling .pio\build\esp32doit-devkit-v1\mbedtls\mbedtls\library\psa_util.c.o
Compiling .pio\build\esp32doit-devkit-v1\mbedtls\mbedtls\library\ripemd160.c.o
Compiling .pio\build\esp32doit-devkit-v1\mbedtls\mbedtls\library\rsa.c.o
Compiling .pio\build\esp32doit-devkit-v1\mbedtls\mbedtls\library\rsa_alt_helpers.c.o
Compiling .pio\build\esp32doit-devkit-v1\mbedtls\mbedtls\library\sha1.c.o
Compiling .pio\build\esp32doit-devkit-v1\mbedtls\mbedtls\library\sha256.c.o
Compiling .pio\build\esp32doit-devkit-v1\mbedtls\mbedtls\library\sha512.c.o
Compiling .pio\build\esp32doit-devkit-v1\mbedtls\mbedtls\library\sha3.c.o
Compiling .pio\build\esp32doit-devkit-v1\mbedtls\mbedtls\library\threading.c.o
Compiling .pio\build\esp32doit-devkit-v1\mbedtls\mbedtls\library\timing.c.o
Compiling .pio\build\esp32doit-devkit-v1\mbedtls\mbedtls\library\version.c.o
Compiling .pio\build\esp32doit-devkit-v1\mbedtls\mbedtls\library\version_features.c.o
Compiling .pio\build\esp32doit-devkit-v1\mbedtls\port\esp_hardware.c.o
Compiling .pio\build\esp32doit-devkit-v1\mbedtls\port\esp_mem.c.o
Compiling .pio\build\esp32doit-devkit-v1\mbedtls\port\esp_timing.c.o
Compiling .pio\build\esp32doit-devkit-v1\mbedtls\port\aes\esp_aes_xts.c.o
Compiling .pio\build\esp32doit-devkit-v1\mbedtls\port\aes\esp_aes_common.c.o
Compiling .pio\build\esp32doit-devkit-v1\mbedtls\port\aes\block\esp_aes.c.o
Compiling .pio\build\esp32doit-devkit-v1\mbedtls\port\sha\esp_sha.c.o
Compiling .pio\build\esp32doit-devkit-v1\mbedtls\port\sha\parallel_engine\sha.c.o
Compiling .pio\build\esp32doit-devkit-v1\mbedtls\port\bignum\esp_bignum.c.o
Compiling .pio\build\esp32doit-devkit-v1\mbedtls\port\bignum\bignum_alt.c.o
Compiling .pio\build\esp32doit-devkit-v1\mbedtls\port\sha\parallel_engine\esp_sha1.c.o
Compiling .pio\build\esp32doit-devkit-v1\mbedtls\port\sha\parallel_engine\esp_sha256.c.o
Compiling .pio\build\esp32doit-devkit-v1\mbedtls\port\sha\parallel_engine\esp_sha512.c.o
Compiling .pio\build\esp32doit-devkit-v1\mbedtls\port\aes\esp_aes_gcm.c.o
Compiling .pio\build\esp32doit-devkit-v1\mbedtls\port\md\esp_md.c.o
Compiling .pio\build\esp32doit-devkit-v1\mbedtls\mbedtls\library\debug.c.o
Compiling .pio\build\esp32doit-devkit-v1\mbedtls\mbedtls\library\mps_reader.c.o
Compiling .pio\build\esp32doit-devkit-v1\mbedtls\mbedtls\library\mps_trace.c.o
Compiling .pio\build\esp32doit-devkit-v1\mbedtls\mbedtls\library\ssl_cache.c.o
Compiling .pio\build\esp32doit-devkit-v1\mbedtls\mbedtls\library\ssl_ciphersuites.c.o
Compiling .pio\build\esp32doit-devkit-v1\mbedtls\mbedtls\library\ssl_client.c.o
Compiling .pio\build\esp32doit-devkit-v1\mbedtls\mbedtls\library\ssl_cookie.c.o
Compiling .pio\build\esp32doit-devkit-v1\mbedtls\mbedtls\library\ssl_debug_helpers_generated.c.o
Compiling .pio\build\esp32doit-devkit-v1\mbedtls\mbedtls\library\ssl_msg.c.o
Compiling .pio\build\esp32doit-devkit-v1\mbedtls\mbedtls\library\ssl_ticket.c.o
Compiling .pio\build\esp32doit-devkit-v1\mbedtls\mbedtls\library\ssl_tls.c.o
Compiling .pio\build\esp32doit-devkit-v1\mbedtls\mbedtls\library\ssl_tls12_client.c.o
Archiving .pio\build\esp32doit-devkit-v1\esp-idf\mbedtls\mbedtls\library\libmbedcrypto.a
Compiling .pio\build\esp32doit-devkit-v1\mbedtls\mbedtls\library\ssl_tls12_server.c.o
Compiling .pio\build\esp32doit-devkit-v1\mbedtls\mbedtls\library\ssl_tls13_keys.c.o
Compiling .pio\build\esp32doit-devkit-v1\mbedtls\mbedtls\library\ssl_tls13_server.c.o
Compiling .pio\build\esp32doit-devkit-v1\mbedtls\mbedtls\library\ssl_tls13_client.c.o
Compiling .pio\build\esp32doit-devkit-v1\mbedtls\mbedtls\library\ssl_tls13_generic.c.o
Compiling .pio\build\esp32doit-devkit-v1\mbedtls\port\mbedtls_debug.c.o
Compiling .pio\build\esp32doit-devkit-v1\mbedtls\port\esp_platform_time.c.o
Compiling .pio\build\esp32doit-devkit-v1\mbedtls\port\net_sockets.c.o
Compiling .pio\build\esp32doit-devkit-v1\mbedtls\mbedtls\library\pkcs7.c.o
Compiling .pio\build\esp32doit-devkit-v1\mbedtls\mbedtls\library\x509.c.o
Compiling .pio\build\esp32doit-devkit-v1\mbedtls\mbedtls\library\x509_create.c.o
Compiling .pio\build\esp32doit-devkit-v1\mbedtls\mbedtls\library\x509_crl.c.o
Compiling .pio\build\esp32doit-devkit-v1\mbedtls\mbedtls\library\x509_crt.c.o
Compiling .pio\build\esp32doit-devkit-v1\mbedtls\mbedtls\library\x509_csr.c.o
Compiling .pio\build\esp32doit-devkit-v1\mbedtls\mbedtls\library\x509write.c.o
Compiling .pio\build\esp32doit-devkit-v1\mbedtls\mbedtls\library\x509write_crt.c.o
Compiling .pio\build\esp32doit-devkit-v1\mbedtls\mbedtls\library\x509write_csr.c.o
Compiling .pio\build\esp32doit-devkit-v1\mbedtls\mbedtls\3rdparty\p256-m\p256-m_driver_entrypoints.c.o
Compiling .pio\build\esp32doit-devkit-v1\mbedtls\mbedtls\3rdparty\p256-m\p256-m\p256-m.c.o
Compiling .pio\build\esp32doit-devkit-v1\bootloader\xtensa\eri.c.o
Compiling .pio\build\esp32doit-devkit-v1\bootloader\xtensa\xt_trax.c.o
Archiving .pio\build\esp32doit-devkit-v1\esp-idf\mbedtls\mbedtls\library\libmbedtls.a
Compiling .pio\build\esp32doit-devkit-v1\bootloader\main\bootloader_start.c.o
Compiling .pio\build\esp32doit-devkit-v1\bootloader\bootloader_support\src\bootloader_common.c.o
Compiling .pio\build\esp32doit-devkit-v1\bootloader\bootloader_support\src\bootloader_common_loader.c.o
Compiling .pio\build\esp32doit-devkit-v1\bootloader\bootloader_support\src\bootloader_clock_init.c.o
Compiling .pio\build\esp32doit-devkit-v1\bootloader\bootloader_support\src\bootloader_mem.c.o
Compiling .pio\build\esp32doit-devkit-v1\bootloader\bootloader_support\src\bootloader_random.c.o
Compiling .pio\build\esp32doit-devkit-v1\bootloader\bootloader_support\src\bootloader_efuse.c.o
Compiling .pio\build\esp32doit-devkit-v1\bootloader\bootloader_support\src\flash_encrypt.c.o
Compiling .pio\build\esp32doit-devkit-v1\bootloader\bootloader_support\src\secure_boot.c.o
Archiving .pio\build\esp32doit-devkit-v1\bootloader\esp-idf\xtensa\libxtensa.a
Archiving .pio\build\esp32doit-devkit-v1\esp-idf\mbedtls\mbedtls\3rdparty\p256-m\libp256m.a
Archiving .pio\build\esp32doit-devkit-v1\bootloader\esp-idf\main\libmain.a
Compiling .pio\build\esp32doit-devkit-v1\bootloader\bootloader_support\src\bootloader_random_esp32.c.o
Compiling .pio\build\esp32doit-devkit-v1\bootloader\bootloader_support\bootloader_flash\src\bootloader_flash.c.o
Compiling .pio\build\esp32doit-devkit-v1\bootloader\bootloader_support\bootloader_flash\src\flash_qio_mode.c.o
Compiling .pio\build\esp32doit-devkit-v1\bootloader\bootloader_support\bootloader_flash\src\bootloader_flash_config_esp32.c.o
Compiling .pio\build\esp32doit-devkit-v1\bootloader\bootloader_support\src\bootloader_utility.c.o
Archiving .pio\build\esp32doit-devkit-v1\esp-idf\mbedtls\mbedtls\library\libmbedx509.a
Compiling .pio\build\esp32doit-devkit-v1\bootloader\bootloader_support\src\flash_partitions.c.o
Compiling .pio\build\esp32doit-devkit-v1\bootloader\bootloader_support\src\esp_image_format.c.o
Compiling .pio\build\esp32doit-devkit-v1\bootloader\bootloader_support\src\bootloader_init.c.o
Compiling .pio\build\esp32doit-devkit-v1\bootloader\bootloader_support\src\bootloader_clock_loader.c.o
Compiling .pio\build\esp32doit-devkit-v1\bootloader\bootloader_support\src\bootloader_console.c.o
Generating project linker script .pio\build\esp32doit-devkit-v1\sections.ld
Compiling .pio\build\esp32doit-devkit-v1\bootloader\bootloader_support\src\bootloader_console_loader.c.o
Compiling .pio\build\esp32doit-devkit-v1\bootloader\bootloader_support\src\esp32\bootloader_sha.c.o
Compiling .pio\build\esp32doit-devkit-v1\bootloader\bootloader_support\src\esp32\bootloader_soc.c.o
Compiling .pio\build\esp32doit-devkit-v1\bootloader\bootloader_support\src\esp32\bootloader_esp32.c.o
Compiling .pio\build\esp32doit-devkit-v1\bootloader\bootloader_support\src\bootloader_panic.c.o
Compiling .pio\build\esp32doit-devkit-v1\bootloader\efuse\esp32\esp_efuse_table.c.o
Compiling .pio\build\esp32doit-devkit-v1\bootloader\efuse\esp32\esp_efuse_fields.c.o
Compiling .pio\build\esp32doit-devkit-v1\bootloader\efuse\esp32\esp_efuse_utility.c.o
Compiling .pio\build\esp32doit-devkit-v1\bootloader\efuse\src\esp_efuse_api.c.o
Compiling .pio\build\esp32doit-devkit-v1\bootloader\efuse\src\esp_efuse_fields.c.o
Compiling .pio\build\esp32doit-devkit-v1\bootloader\efuse\src\esp_efuse_utility.c.o
Compiling .pio\build\esp32doit-devkit-v1\bootloader\efuse\src\efuse_controller\keys\without_key_purposes\three_key_blocks\esp_efuse_api_key.c.o
Compiling .pio\build\esp32doit-devkit-v1\bootloader\esp_bootloader_format\esp_bootloader_desc.c.o
Compiling .pio\build\esp32doit-devkit-v1\bootloader\esp_common\src\esp_err_to_name.c.o
Compiling .pio\build\esp32doit-devkit-v1\bootloader\esp_hw_support\cpu.c.o
Compiling .pio\build\esp32doit-devkit-v1\bootloader\esp_hw_support\esp_memory_utils.c.o
Compiling .pio\build\esp32doit-devkit-v1\bootloader\esp_hw_support\port\esp32\cpu_region_protect.c.o
Compiling .pio\build\esp32doit-devkit-v1\bootloader\esp_hw_support\port\esp32\rtc_clk.c.o
Compiling .pio\build\esp32doit-devkit-v1\bootloader\esp_hw_support\port\esp32\rtc_clk_init.c.o
Compiling .pio\build\esp32doit-devkit-v1\bootloader\esp_hw_support\port\esp32\rtc_init.c.o
Archiving .pio\build\esp32doit-devkit-v1\bootloader\esp-idf\bootloader_support\libbootloader_support.a
Archiving .pio\build\esp32doit-devkit-v1\bootloader\esp-idf\esp_bootloader_format\libesp_bootloader_format.a
Compiling .pio\build\esp32doit-devkit-v1\bootloader\esp_hw_support\port\esp32\rtc_sleep.c.o
Archiving .pio\build\esp32doit-devkit-v1\bootloader\esp-idf\esp_common\libesp_common.a
Compiling .pio\build\esp32doit-devkit-v1\bootloader\esp_hw_support\port\esp32\rtc_time.c.o
Compiling .pio\build\esp32doit-devkit-v1\bootloader\esp_hw_support\port\esp32\chip_info.c.o
Compiling .pio\build\esp32doit-devkit-v1\bootloader\esp_rom\patches\esp_rom_crc.c.o
Archiving .pio\build\esp32doit-devkit-v1\bootloader\esp-idf\efuse\libefuse.a
Compiling .pio\build\esp32doit-devkit-v1\bootloader\esp_rom\patches\esp_rom_sys.c.o
Compiling .pio\build\esp32doit-devkit-v1\bootloader\esp_rom\patches\esp_rom_uart.c.o
Compiling .pio\build\esp32doit-devkit-v1\bootloader\esp_rom\patches\esp_rom_spiflash.c.o
Compiling .pio\build\esp32doit-devkit-v1\bootloader\esp_rom\patches\esp_rom_efuse.c.o
Compiling .pio\build\esp32doit-devkit-v1\bootloader\esp_rom\patches\esp_rom_longjmp.S.o
Compiling .pio\build\esp32doit-devkit-v1\bootloader\esp_system\esp_err.c.o
Compiling .pio\build\esp32doit-devkit-v1\bootloader\hal\hal_utils.c.o
Compiling .pio\build\esp32doit-devkit-v1\bootloader\hal\mpu_hal.c.o
Compiling .pio\build\esp32doit-devkit-v1\bootloader\hal\efuse_hal.c.o
Compiling .pio\build\esp32doit-devkit-v1\bootloader\hal\esp32\efuse_hal.c.o
Compiling .pio\build\esp32doit-devkit-v1\bootloader\hal\wdt_hal_iram.c.o
Compiling .pio\build\esp32doit-devkit-v1\bootloader\hal\mmu_hal.c.o
Compiling .pio\build\esp32doit-devkit-v1\bootloader\hal\esp32\cache_hal_esp32.c.o
Archiving .pio\build\esp32doit-devkit-v1\bootloader\esp-idf\esp_hw_support\libesp_hw_support.a
Compiling .pio\build\esp32doit-devkit-v1\bootloader\log\log.c.o
Archiving .pio\build\esp32doit-devkit-v1\bootloader\esp-idf\esp_rom\libesp_rom.a
Archiving .pio\build\esp32doit-devkit-v1\bootloader\esp-idf\esp_system\libesp_system.a
Compiling .pio\build\esp32doit-devkit-v1\bootloader\log\log_buffers.c.o
Compiling .pio\build\esp32doit-devkit-v1\bootloader\log\log_noos.c.o
Compiling .pio\build\esp32doit-devkit-v1\bootloader\components\micro-ecc\uECC_verify_antifault.c.o
Compiling .pio\build\esp32doit-devkit-v1\bootloader\soc\lldesc.c.o
Compiling .pio\build\esp32doit-devkit-v1\bootloader\soc\dport_access_common.c.o
Compiling .pio\build\esp32doit-devkit-v1\bootloader\soc\esp32\interrupts.c.o
Compiling .pio\build\esp32doit-devkit-v1\bootloader\soc\esp32\gpio_periph.c.o
Compiling .pio\build\esp32doit-devkit-v1\bootloader\soc\esp32\uart_periph.c.o
Compiling .pio\build\esp32doit-devkit-v1\bootloader\soc\esp32\dport_access.c.o
Archiving .pio\build\esp32doit-devkit-v1\bootloader\esp-idf\hal\libhal.a
Compiling .pio\build\esp32doit-devkit-v1\bootloader\soc\esp32\adc_periph.c.o
Compiling .pio\build\esp32doit-devkit-v1\bootloader\soc\esp32\spi_periph.c.o
Compiling .pio\build\esp32doit-devkit-v1\bootloader\soc\esp32\ledc_periph.c.o
Compiling .pio\build\esp32doit-devkit-v1\bootloader\soc\esp32\pcnt_periph.c.o
Compiling .pio\build\esp32doit-devkit-v1\bootloader\soc\esp32\rmt_periph.c.o
Compiling .pio\build\esp32doit-devkit-v1\bootloader\soc\esp32\sdm_periph.c.o
Compiling .pio\build\esp32doit-devkit-v1\bootloader\soc\esp32\i2s_periph.c.o
Archiving .pio\build\esp32doit-devkit-v1\bootloader\esp-idf\log\liblog.a
Compiling .pio\build\esp32doit-devkit-v1\bootloader\soc\esp32\i2c_periph.c.o
Compiling .pio\build\esp32doit-devkit-v1\bootloader\soc\esp32\timer_periph.c.o
Compiling .pio\build\esp32doit-devkit-v1\bootloader\soc\esp32\lcd_periph.c.o
Compiling .pio\build\esp32doit-devkit-v1\bootloader\soc\esp32\mcpwm_periph.c.o
Compiling .pio\build\esp32doit-devkit-v1\bootloader\soc\esp32\mpi_periph.c.o
Compiling .pio\build\esp32doit-devkit-v1\bootloader\soc\esp32\sdmmc_periph.c.o
Compiling .pio\build\esp32doit-devkit-v1\bootloader\soc\esp32\touch_sensor_periph.c.o
Compiling .pio\build\esp32doit-devkit-v1\bootloader\soc\esp32\twai_periph.c.o
Compiling .pio\build\esp32doit-devkit-v1\bootloader\soc\esp32\dac_periph.c.o
Compiling .pio\build\esp32doit-devkit-v1\bootloader\soc\esp32\rtc_io_periph.c.o
Compiling .pio\build\esp32doit-devkit-v1\bootloader\soc\esp32\sdio_slave_periph.c.o
Compiling .pio\build\esp32doit-devkit-v1\bootloader\spi_flash\spi_flash_wrap.c.o
Generating partitions .pio\build\esp32doit-devkit-v1\partitions.bin
Compiling .pio\build\esp32doit-devkit-v1\liba00\GPIO_Driver\GPIO_Driver.o
Archiving .pio\build\esp32doit-devkit-v1\bootloader\esp-idf\micro-ecc\libmicro-ecc.a
Archiving .pio\build\esp32doit-devkit-v1\bootloader\esp-idf\spi_flash\libspi_flash.a
Archiving .pio\build\esp32doit-devkit-v1\bootloader\esp-idf\soc\libsoc.a
Compiling .pio\build\esp32doit-devkit-v1\lib4bf\SystemTool\SystemTool.o
Compiling .pio\build\esp32doit-devkit-v1\lib013\Mqtt_Driver\Mqtt_Driver.o
Linking .pio\build\esp32doit-devkit-v1\bootloader.elf
Compiling .pio\build\esp32doit-devkit-v1\libff7\GPIO_Mqtt_Driver\GPIO_Mqtt_Driver.o
Archiving .pio\build\esp32doit-devkit-v1\lib4bf\libSystemTool.a
Compiling .pio\build\esp32doit-devkit-v1\lib4c8\SystemInfo\SystemInfo.o
Archiving .pio\build\esp32doit-devkit-v1\liba00\libGPIO_Driver.a
Building .pio\build\esp32doit-devkit-v1\bootloader.bin
esptool.py v4.5.1
Creating esp32 image...
Merged 2 ELF sections
Successfully created esp32 image.
Compiling .pio\build\esp32doit-devkit-v1\lib6e3\Wifi\Wifi.o
Archiving .pio\build\esp32doit-devkit-v1\lib013\libMqtt_Driver.a
Compiling .pio\build\esp32doit-devkit-v1\libd42\SystemStatus\SystemStatus.o
Archiving .pio\build\esp32doit-devkit-v1\libff7\libGPIO_Mqtt_Driver.a
Archiving .pio\build\esp32doit-devkit-v1\lib4c8\libSystemInfo.a
Archiving .pio\build\esp32doit-devkit-v1\lib6e3\libWifi.a
Archiving .pio\build\esp32doit-devkit-v1\libd42\libSystemStatus.a
Linking .pio\build\esp32doit-devkit-v1\firmware.elf
Retrieving maximum program size .pio\build\esp32doit-devkit-v1\firmware.elf
Checking size .pio\build\esp32doit-devkit-v1\firmware.elf
Advanced Memory Usage is available via "PlatformIO Home > Project Inspect"
RAM:   [=         ]  10.3% (used 33784 bytes from 327680 bytes)
Flash: [========= ]  88.3% (used 925917 bytes from 1048576 bytes)
Building .pio\build\esp32doit-devkit-v1\firmware.bin
esptool.py v4.5.1
Creating esp32 image...
Merged 2 ELF sections
Successfully created esp32 image.
======================== [SUCCESS] Took 130.09 seconds ========================
